
                            < M A T L A B (R) >
                  Copyright 1984-2015 The MathWorks, Inc.
                   R2015a (8.5.0.197613) 64-bit (glnxa64)
                             February 12, 2015

 
For online documentation, see http://www.mathworks.com/support
For product information, visit www.mathworks.com.
 
Users who wish to run multiple Matlab jobs should contact Research
Analytics at researchanalytics@iu.edu to discuss current usage.
 

	Academic License

SPM (Statistical Parametric Mapping) software package version 8 loaded.

 Working on Subject 105115 Run#1 
Load FE structure...
Extract fibers...
Segment tracts...
You chose to recompute ROIs
Fibers that get as close to the ROIs as 2mm will become candidates for the Mori Groups
Direct calls to spm_defauts are deprecated.
Please use spm('Defaults',modality) or spm_get_defaults instead.
Smoothing by 0 & 8mm..
Coarse Affine Registration..
Fine Affine Registration..
3D CT Norm...
 iteration  1:  FWHM =  18.21 Var = 168.514
 iteration  2:  FWHM =  9.915 Var = 1.88232
 iteration  3:  FWHM =  9.355 Var = 1.23766
 iteration  4:  FWHM =  9.214 Var = 1.11529
 iteration  5:  FWHM =  9.181 Var = 1.0855
 iteration  6:  FWHM =  9.154 Var = 1.07168
 iteration  7:  FWHM =  9.159 Var = 1.06975
 iteration  8:  FWHM =  9.149 Var = 1.06727
 iteration  9:  FWHM =  9.153 Var = 1.06691
 iteration 10:  FWHM =  9.149 Var = 1.06682
 iteration 11:  FWHM =  9.152 Var = 1.06682
 iteration 12:  FWHM =  9.149 Var = 1.06678
 iteration 13:  FWHM =  9.153 Var = 1.06678
 iteration 14:  FWHM =  9.149 Var = 1.06678
 iteration 15:  FWHM =  9.153 Var = 1.06678
 iteration 16:  FWHM =  9.149 Var = 1.06678
Computing inverse deformation...
Save results to disk...



 Saved file: 
fe_structure_105115_STC_run01_500000_tensor__connNUM01_TRACTS-nocull.mat 



 DONE Subject 105115 Run#1 

 Working on Subject 105115 Run#2 
Load FE structure...
Extract fibers...
Segment tracts...
You chose to recompute ROIs
Fibers that get as close to the ROIs as 2mm will become candidates for the Mori Groups
Smoothing by 0 & 8mm..
Coarse Affine Registration..
Fine Affine Registration..
3D CT Norm...
 iteration  1:  FWHM =  18.21 Var = 168.514
 iteration  2:  FWHM =  9.915 Var = 1.88232
 iteration  3:  FWHM =  9.355 Var = 1.23766
 iteration  4:  FWHM =  9.214 Var = 1.11529
 iteration  5:  FWHM =  9.181 Var = 1.0855
 iteration  6:  FWHM =  9.154 Var = 1.07168
 iteration  7:  FWHM =  9.159 Var = 1.06975
 iteration  8:  FWHM =  9.149 Var = 1.06727
 iteration  9:  FWHM =  9.153 Var = 1.06691
 iteration 10:  FWHM =  9.149 Var = 1.06682
 iteration 11:  FWHM =  9.152 Var = 1.06682
 iteration 12:  FWHM =  9.149 Var = 1.06678
 iteration 13:  FWHM =  9.153 Var = 1.06678
 iteration 14:  FWHM =  9.149 Var = 1.06678
 iteration 15:  FWHM =  9.153 Var = 1.06678
 iteration 16:  FWHM =  9.149 Var = 1.06678
Computing inverse deformation...
Save results to disk...



 Saved file: 
fe_structure_105115_STC_run01_500000_tensor__connNUM02_TRACTS-nocull.mat 



 DONE Subject 105115 Run#2 

 Working on Subject 105115 Run#3 
Load FE structure...
Extract fibers...
Segment tracts...
You chose to recompute ROIs
Fibers that get as close to the ROIs as 2mm will become candidates for the Mori Groups
Smoothing by 0 & 8mm..
Coarse Affine Registration..
Fine Affine Registration..
3D CT Norm...
 iteration  1:  FWHM =  18.21 Var = 168.514
 iteration  2:  FWHM =  9.915 Var = 1.88232
 iteration  3:  FWHM =  9.355 Var = 1.23766
 iteration  4:  FWHM =  9.214 Var = 1.11529
 iteration  5:  FWHM =  9.181 Var = 1.0855
 iteration  6:  FWHM =  9.154 Var = 1.07168
 iteration  7:  FWHM =  9.159 Var = 1.06975
 iteration  8:  FWHM =  9.149 Var = 1.06727
 iteration  9:  FWHM =  9.153 Var = 1.06691
 iteration 10:  FWHM =  9.149 Var = 1.06682
 iteration 11:  FWHM =  9.152 Var = 1.06682
 iteration 12:  FWHM =  9.149 Var = 1.06678
 iteration 13:  FWHM =  9.153 Var = 1.06678
 iteration 14:  FWHM =  9.149 Var = 1.06678
 iteration 15:  FWHM =  9.153 Var = 1.06678
 iteration 16:  FWHM =  9.149 Var = 1.06678
Computing inverse deformation...
Save results to disk...



 Saved file: 
fe_structure_105115_STC_run01_500000_tensor__connNUM03_TRACTS-nocull.mat 



 DONE Subject 105115 Run#3 

 Working on Subject 105115 Run#4 
Load FE structure...
Extract fibers...
Segment tracts...
You chose to recompute ROIs
Fibers that get as close to the ROIs as 2mm will become candidates for the Mori Groups
Smoothing by 0 & 8mm..
Coarse Affine Registration..
Fine Affine Registration..
3D CT Norm...
 iteration  1:  FWHM =  18.21 Var = 168.514
 iteration  2:  FWHM =  9.915 Var = 1.88232
 iteration  3:  FWHM =  9.355 Var = 1.23766
 iteration  4:  FWHM =  9.214 Var = 1.11529
 iteration  5:  FWHM =  9.181 Var = 1.0855
 iteration  6:  FWHM =  9.154 Var = 1.07168
 iteration  7:  FWHM =  9.159 Var = 1.06975
 iteration  8:  FWHM =  9.149 Var = 1.06727
 iteration  9:  FWHM =  9.153 Var = 1.06691
 iteration 10:  FWHM =  9.149 Var = 1.06682
 iteration 11:  FWHM =  9.152 Var = 1.06682
 iteration 12:  FWHM =  9.149 Var = 1.06678
 iteration 13:  FWHM =  9.153 Var = 1.06678
 iteration 14:  FWHM =  9.149 Var = 1.06678
 iteration 15:  FWHM =  9.153 Var = 1.06678
 iteration 16:  FWHM =  9.149 Var = 1.06678
Computing inverse deformation...
Save results to disk...



 Saved file: 
fe_structure_105115_STC_run01_500000_tensor__connNUM04_TRACTS-nocull.mat 



 DONE Subject 105115 Run#4 

 Working on Subject 105115 Run#5 
Load FE structure...
Extract fibers...
Segment tracts...
You chose to recompute ROIs
Fibers that get as close to the ROIs as 2mm will become candidates for the Mori Groups
Smoothing by 0 & 8mm..
Coarse Affine Registration..
Fine Affine Registration..
3D CT Norm...
 iteration  1:  FWHM =  18.21 Var = 168.514
 iteration  2:  FWHM =  9.915 Var = 1.88232
 iteration  3:  FWHM =  9.355 Var = 1.23766
 iteration  4:  FWHM =  9.214 Var = 1.11529
 iteration  5:  FWHM =  9.181 Var = 1.0855
 iteration  6:  FWHM =  9.154 Var = 1.07168
 iteration  7:  FWHM =  9.159 Var = 1.06975
 iteration  8:  FWHM =  9.149 Var = 1.06727
 iteration  9:  FWHM =  9.153 Var = 1.06691
 iteration 10:  FWHM =  9.149 Var = 1.06682
 iteration 11:  FWHM =  9.152 Var = 1.06682
 iteration 12:  FWHM =  9.149 Var = 1.06678
 iteration 13:  FWHM =  9.153 Var = 1.06678
 iteration 14:  FWHM =  9.149 Var = 1.06678
 iteration 15:  FWHM =  9.153 Var = 1.06678
 iteration 16:  FWHM =  9.149 Var = 1.06678
Computing inverse deformation...
Save results to disk...



 Saved file: 
fe_structure_105115_STC_run01_500000_tensor__connNUM05_TRACTS-nocull.mat 



 DONE Subject 105115 Run#5 

 Working on Subject 105115 Run#6 
Load FE structure...
>> 