MATLAB is selecting SOFTWARE OPENGL rendering.

                            < M A T L A B (R) >
                  Copyright 1984-2015 The MathWorks, Inc.
                   R2015a (8.5.0.197613) 64-bit (glnxa64)
                             February 12, 2015

 
To get started, type one of these: helpwin, helpdesk, or demo.
For product information, visit www.mathworks.com.
 
Users who wish to run multiple Matlab jobs should contact Research
Analytics at researchanalytics@iu.edu to discuss current usage.
 

	Academic License

SPM (Statistical Parametric Mapping) software package version 8 loaded.

 Working on Subject KW Run#1 
Load FE structure...
Extract fibers...
Segment tracts...
You chose to recompute ROIs
Fibers that get as close to the ROIs as 2mm will become candidates for the Mori Groups
Direct calls to spm_defauts are deprecated.
Please use spm('Defaults',modality) or spm_get_defaults instead.
Smoothing by 0 & 8mm..
Coarse Affine Registration..
Fine Affine Registration..
3D CT Norm...
 iteration  1:  FWHM =  15.78 Var = 50.8945
 iteration  2:  FWHM =  10.51 Var = 3.15349
 iteration  3:  FWHM =   10.3 Var = 2.57159
 iteration  4:  FWHM =  10.22 Var = 2.4277
 iteration  5:  FWHM =  10.21 Var = 2.38564
 iteration  6:  FWHM =  10.21 Var = 2.37324
 iteration  7:  FWHM =  10.21 Var = 2.36799
 iteration  8:  FWHM =  10.21 Var = 2.36533
 iteration  9:  FWHM =   10.2 Var = 2.36309
 iteration 10:  FWHM =   10.2 Var = 2.36176
 iteration 11:  FWHM =   10.2 Var = 2.36136
 iteration 12:  FWHM =   10.2 Var = 2.36122
 iteration 13:  FWHM =  10.21 Var = 2.36098
 iteration 14:  FWHM =  10.21 Var = 2.36094
 iteration 15:  FWHM =  10.21 Var = 2.36089
 iteration 16:  FWHM =  10.21 Var = 2.36089
Computing inverse deformation...
Save results to disk...



 Saved file: 
fe_structure_KW_96dirs_b2000_1p5iso_STC_run01_500000_tensor__connNUM01_TRACTS.mat 



 DONE Subject KW Run#1 

 Working on Subject KW Run#2 
Load FE structure...
Extract fibers...
Segment tracts...
You chose to recompute ROIs
Fibers that get as close to the ROIs as 2mm will become candidates for the Mori Groups
Smoothing by 0 & 8mm..
Coarse Affine Registration..
Fine Affine Registration..
3D CT Norm...
 iteration  1:  FWHM =  15.78 Var = 50.8945
 iteration  2:  FWHM =  10.51 Var = 3.15349
 iteration  3:  FWHM =   10.3 Var = 2.57159
 iteration  4:  FWHM =  10.22 Var = 2.4277
 iteration  5:  FWHM =  10.21 Var = 2.38564
 iteration  6:  FWHM =  10.21 Var = 2.37324
 iteration  7:  FWHM =  10.21 Var = 2.36799
 iteration  8:  FWHM =  10.21 Var = 2.36533
 iteration  9:  FWHM =   10.2 Var = 2.36309
 iteration 10:  FWHM =   10.2 Var = 2.36176
 iteration 11:  FWHM =   10.2 Var = 2.36136
 iteration 12:  FWHM =   10.2 Var = 2.36122
 iteration 13:  FWHM =  10.21 Var = 2.36098
 iteration 14:  FWHM =  10.21 Var = 2.36094
 iteration 15:  FWHM =  10.21 Var = 2.36089
 iteration 16:  FWHM =  10.21 Var = 2.36089
Computing inverse deformation...
Save results to disk...



 Saved file: 
fe_structure_KW_96dirs_b2000_1p5iso_STC_run01_500000_tensor__connNUM02_TRACTS.mat 



 DONE Subject KW Run#2 

 Working on Subject KW Run#3 
Load FE structure...
Extract fibers...
Segment tracts...
You chose to recompute ROIs
Fibers that get as close to the ROIs as 2mm will become candidates for the Mori Groups
Smoothing by 0 & 8mm..
Coarse Affine Registration..
Fine Affine Registration..
3D CT Norm...
 iteration  1:  FWHM =  15.78 Var = 50.8945
 iteration  2:  FWHM =  10.51 Var = 3.15349
 iteration  3:  FWHM =   10.3 Var = 2.57159
 iteration  4:  FWHM =  10.22 Var = 2.4277
 iteration  5:  FWHM =  10.21 Var = 2.38564
 iteration  6:  FWHM =  10.21 Var = 2.37324
 iteration  7:  FWHM =  10.21 Var = 2.36799
 iteration  8:  FWHM =  10.21 Var = 2.36533
 iteration  9:  FWHM =   10.2 Var = 2.36309
 iteration 10:  FWHM =   10.2 Var = 2.36176
 iteration 11:  FWHM =   10.2 Var = 2.36136
 iteration 12:  FWHM =   10.2 Var = 2.36122
 iteration 13:  FWHM =  10.21 Var = 2.36098
 iteration 14:  FWHM =  10.21 Var = 2.36094
 iteration 15:  FWHM =  10.21 Var = 2.36089
 iteration 16:  FWHM =  10.21 Var = 2.36089
Computing inverse deformation...
Save results to disk...



 Saved file: 
fe_structure_KW_96dirs_b2000_1p5iso_STC_run01_500000_tensor__connNUM03_TRACTS.mat 



 DONE Subject KW Run#3 

 Working on Subject KW Run#4 
Load FE structure...
Extract fibers...
Segment tracts...
You chose to recompute ROIs
Fibers that get as close to the ROIs as 2mm will become candidates for the Mori Groups
Smoothing by 0 & 8mm..
Coarse Affine Registration..
Fine Affine Registration..
3D CT Norm...
 iteration  1:  FWHM =  15.78 Var = 50.8945
 iteration  2:  FWHM =  10.51 Var = 3.15349
 iteration  3:  FWHM =   10.3 Var = 2.57159
 iteration  4:  FWHM =  10.22 Var = 2.4277
 iteration  5:  FWHM =  10.21 Var = 2.38564
 iteration  6:  FWHM =  10.21 Var = 2.37324
 iteration  7:  FWHM =  10.21 Var = 2.36799
 iteration  8:  FWHM =  10.21 Var = 2.36533
 iteration  9:  FWHM =   10.2 Var = 2.36309
 iteration 10:  FWHM =   10.2 Var = 2.36176
 iteration 11:  FWHM =   10.2 Var = 2.36136
 iteration 12:  FWHM =   10.2 Var = 2.36122
 iteration 13:  FWHM =  10.21 Var = 2.36098
 iteration 14:  FWHM =  10.21 Var = 2.36094
 iteration 15:  FWHM =  10.21 Var = 2.36089
 iteration 16:  FWHM =  10.21 Var = 2.36089
Computing inverse deformation...
Save results to disk...



 Saved file: 
fe_structure_KW_96dirs_b2000_1p5iso_STC_run01_500000_tensor__connNUM04_TRACTS.mat 



 DONE Subject KW Run#4 

 Working on Subject KW Run#5 
Load FE structure...
Extract fibers...
Segment tracts...
You chose to recompute ROIs
Fibers that get as close to the ROIs as 2mm will become candidates for the Mori Groups
Smoothing by 0 & 8mm..
Coarse Affine Registration..
Fine Affine Registration..
3D CT Norm...
 iteration  1:  FWHM =  15.78 Var = 50.8945
 iteration  2:  FWHM =  10.51 Var = 3.15349
 iteration  3:  FWHM =   10.3 Var = 2.57159
 iteration  4:  FWHM =  10.22 Var = 2.4277
 iteration  5:  FWHM =  10.21 Var = 2.38564
 iteration  6:  FWHM =  10.21 Var = 2.37324
 iteration  7:  FWHM =  10.21 Var = 2.36799
 iteration  8:  FWHM =  10.21 Var = 2.36533
 iteration  9:  FWHM =   10.2 Var = 2.36309
 iteration 10:  FWHM =   10.2 Var = 2.36176
 iteration 11:  FWHM =   10.2 Var = 2.36136
 iteration 12:  FWHM =   10.2 Var = 2.36122
 iteration 13:  FWHM =  10.21 Var = 2.36098
 iteration 14:  FWHM =  10.21 Var = 2.36094
 iteration 15:  FWHM =  10.21 Var = 2.36089
 iteration 16:  FWHM =  10.21 Var = 2.36089
Computing inverse deformation...
Save results to disk...



 Saved file: 
fe_structure_KW_96dirs_b2000_1p5iso_STC_run01_500000_tensor__connNUM05_TRACTS.mat 



 DONE Subject KW Run#5 

 Working on Subject KW Run#6 
Load FE structure...
Extract fibers...
Segment tracts...
You chose to recompute ROIs
Fibers that get as close to the ROIs as 2mm will become candidates for the Mori Groups
Smoothing by 0 & 8mm..
Coarse Affine Registration..
Fine Affine Registration..
3D CT Norm...
 iteration  1:  FWHM =  15.78 Var = 50.8945
 iteration  2:  FWHM =  10.51 Var = 3.15349
 iteration  3:  FWHM =   10.3 Var = 2.57159
 iteration  4:  FWHM =  10.22 Var = 2.4277
 iteration  5:  FWHM =  10.21 Var = 2.38564
 iteration  6:  FWHM =  10.21 Var = 2.37324
 iteration  7:  FWHM =  10.21 Var = 2.36799
 iteration  8:  FWHM =  10.21 Var = 2.36533
 iteration  9:  FWHM =   10.2 Var = 2.36309
 iteration 10:  FWHM =   10.2 Var = 2.36176
 iteration 11:  FWHM =   10.2 Var = 2.36136
 iteration 12:  FWHM =   10.2 Var = 2.36122
 iteration 13:  FWHM =  10.21 Var = 2.36098
 iteration 14:  FWHM =  10.21 Var = 2.36094
 iteration 15:  FWHM =  10.21 Var = 2.36089
 iteration 16:  FWHM =  10.21 Var = 2.36089
Computing inverse deformation...
Save results to disk...



 Saved file: 
fe_structure_KW_96dirs_b2000_1p5iso_STC_run01_500000_tensor__connNUM06_TRACTS.mat 



 DONE Subject KW Run#6 

 Working on Subject KW Run#7 
Load FE structure...
Extract fibers...
Segment tracts...
You chose to recompute ROIs
Fibers that get as close to the ROIs as 2mm will become candidates for the Mori Groups
Smoothing by 0 & 8mm..
Coarse Affine Registration..
Fine Affine Registration..
3D CT Norm...
 iteration  1:  FWHM =  15.78 Var = 50.8945
 iteration  2:  FWHM =  10.51 Var = 3.15349
 iteration  3:  FWHM =   10.3 Var = 2.57159
 iteration  4:  FWHM =  10.22 Var = 2.4277
 iteration  5:  FWHM =  10.21 Var = 2.38564
 iteration  6:  FWHM =  10.21 Var = 2.37324
 iteration  7:  FWHM =  10.21 Var = 2.36799
 iteration  8:  FWHM =  10.21 Var = 2.36533
 iteration  9:  FWHM =   10.2 Var = 2.36309
 iteration 10:  FWHM =   10.2 Var = 2.36176
 iteration 11:  FWHM =   10.2 Var = 2.36136
 iteration 12:  FWHM =   10.2 Var = 2.36122
 iteration 13:  FWHM =  10.21 Var = 2.36098
 iteration 14:  FWHM =  10.21 Var = 2.36094
 iteration 15:  FWHM =  10.21 Var = 2.36089
 iteration 16:  FWHM =  10.21 Var = 2.36089
Computing inverse deformation...
Save results to disk...



 Saved file: 
fe_structure_KW_96dirs_b2000_1p5iso_STC_run01_500000_tensor__connNUM07_TRACTS.mat 



 DONE Subject KW Run#7 

 Working on Subject KW Run#8 
Load FE structure...
Extract fibers...
Segment tracts...
You chose to recompute ROIs
Fibers that get as close to the ROIs as 2mm will become candidates for the Mori Groups
Smoothing by 0 & 8mm..
Coarse Affine Registration..
Fine Affine Registration..
3D CT Norm...
 iteration  1:  FWHM =  15.78 Var = 50.8945
 iteration  2:  FWHM =  10.51 Var = 3.15349
 iteration  3:  FWHM =   10.3 Var = 2.57159
 iteration  4:  FWHM =  10.22 Var = 2.4277
 iteration  5:  FWHM =  10.21 Var = 2.38564
 iteration  6:  FWHM =  10.21 Var = 2.37324
 iteration  7:  FWHM =  10.21 Var = 2.36799
 iteration  8:  FWHM =  10.21 Var = 2.36533
 iteration  9:  FWHM =   10.2 Var = 2.36309
 iteration 10:  FWHM =   10.2 Var = 2.36176
 iteration 11:  FWHM =   10.2 Var = 2.36136
 iteration 12:  FWHM =   10.2 Var = 2.36122
 iteration 13:  FWHM =  10.21 Var = 2.36098
 iteration 14:  FWHM =  10.21 Var = 2.36094
 iteration 15:  FWHM =  10.21 Var = 2.36089
 iteration 16:  FWHM =  10.21 Var = 2.36089
Computing inverse deformation...
Save results to disk...



 Saved file: 
fe_structure_KW_96dirs_b2000_1p5iso_STC_run01_500000_tensor__connNUM08_TRACTS.mat 



 DONE Subject KW Run#8 

 Working on Subject KW Run#9 
Load FE structure...
Extract fibers...
Segment tracts...
You chose to recompute ROIs
Fibers that get as close to the ROIs as 2mm will become candidates for the Mori Groups
Smoothing by 0 & 8mm..
Coarse Affine Registration..
Fine Affine Registration..
3D CT Norm...
 iteration  1:  FWHM =  15.78 Var = 50.8945
 iteration  2:  FWHM =  10.51 Var = 3.15349
 iteration  3:  FWHM =   10.3 Var = 2.57159
 iteration  4:  FWHM =  10.22 Var = 2.4277
 iteration  5:  FWHM =  10.21 Var = 2.38564
 iteration  6:  FWHM =  10.21 Var = 2.37324
 iteration  7:  FWHM =  10.21 Var = 2.36799
 iteration  8:  FWHM =  10.21 Var = 2.36533
 iteration  9:  FWHM =   10.2 Var = 2.36309
 iteration 10:  FWHM =   10.2 Var = 2.36176
 iteration 11:  FWHM =   10.2 Var = 2.36136
 iteration 12:  FWHM =   10.2 Var = 2.36122
 iteration 13:  FWHM =  10.21 Var = 2.36098
 iteration 14:  FWHM =  10.21 Var = 2.36094
 iteration 15:  FWHM =  10.21 Var = 2.36089
 iteration 16:  FWHM =  10.21 Var = 2.36089
Computing inverse deformation...
Save results to disk...



 Saved file: 
fe_structure_KW_96dirs_b2000_1p5iso_STC_run01_500000_tensor__connNUM09_TRACTS.mat 



 DONE Subject KW Run#9 

 Working on Subject KW Run#10 
Load FE structure...
Extract fibers...
Segment tracts...
You chose to recompute ROIs
Fibers that get as close to the ROIs as 2mm will become candidates for the Mori Groups
Smoothing by 0 & 8mm..
Coarse Affine Registration..
Fine Affine Registration..
3D CT Norm...
 iteration  1:  FWHM =  15.78 Var = 50.8945
 iteration  2:  FWHM =  10.51 Var = 3.15349
 iteration  3:  FWHM =   10.3 Var = 2.57159
 iteration  4:  FWHM =  10.22 Var = 2.4277
 iteration  5:  FWHM =  10.21 Var = 2.38564
 iteration  6:  FWHM =  10.21 Var = 2.37324
 iteration  7:  FWHM =  10.21 Var = 2.36799
 iteration  8:  FWHM =  10.21 Var = 2.36533
 iteration  9:  FWHM =   10.2 Var = 2.36309
 iteration 10:  FWHM =   10.2 Var = 2.36176
 iteration 11:  FWHM =   10.2 Var = 2.36136
 iteration 12:  FWHM =   10.2 Var = 2.36122
 iteration 13:  FWHM =  10.21 Var = 2.36098
 iteration 14:  FWHM =  10.21 Var = 2.36094
 iteration 15:  FWHM =  10.21 Var = 2.36089
 iteration 16:  FWHM =  10.21 Var = 2.36089
Computing inverse deformation...
Save results to disk...



 Saved file: 
fe_structure_KW_96dirs_b2000_1p5iso_STC_run01_500000_tensor__connNUM10_TRACTS.mat 



 DONE Subject KW Run#10 

 Working on Subject KW Run#1 
Load FE structure...
Extract fibers...
Segment tracts...
You chose to recompute ROIs
Fibers that get as close to the ROIs as 2mm will become candidates for the Mori Groups
Smoothing by 0 & 8mm..
Coarse Affine Registration..
Fine Affine Registration..
3D CT Norm...
 iteration  1:  FWHM =  15.78 Var = 50.8945
 iteration  2:  FWHM =  10.51 Var = 3.15349
 iteration  3:  FWHM =   10.3 Var = 2.57159
 iteration  4:  FWHM =  10.22 Var = 2.4277
 iteration  5:  FWHM =  10.21 Var = 2.38564
 iteration  6:  FWHM =  10.21 Var = 2.37324
 iteration  7:  FWHM =  10.21 Var = 2.36799
 iteration  8:  FWHM =  10.21 Var = 2.36533
 iteration  9:  FWHM =   10.2 Var = 2.36309
 iteration 10:  FWHM =   10.2 Var = 2.36176
 iteration 11:  FWHM =   10.2 Var = 2.36136
 iteration 12:  FWHM =   10.2 Var = 2.36122
 iteration 13:  FWHM =  10.21 Var = 2.36098
 iteration 14:  FWHM =  10.21 Var = 2.36094
 iteration 15:  FWHM =  10.21 Var = 2.36089
 iteration 16:  FWHM =  10.21 Var = 2.36089
Computing inverse deformation...
Save results to disk...



 Saved file: 
fe_structure_KW_96dirs_b2000_1p5iso_STC_run01_500000_SD_PROB_lmax2_connNUM01_TRACTS.mat 



 DONE Subject KW Run#1 

 Working on Subject KW Run#2 
Load FE structure...
Extract fibers...
Segment tracts...
You chose to recompute ROIs
Fibers that get as close to the ROIs as 2mm will become candidates for the Mori Groups
Smoothing by 0 & 8mm..
Coarse Affine Registration..
Fine Affine Registration..
3D CT Norm...
 iteration  1:  FWHM =  15.78 Var = 50.8945
 iteration  2:  FWHM =  10.51 Var = 3.15349
 iteration  3:  FWHM =   10.3 Var = 2.57159
 iteration  4:  FWHM =  10.22 Var = 2.4277
 iteration  5:  FWHM =  10.21 Var = 2.38564
 iteration  6:  FWHM =  10.21 Var = 2.37324
 iteration  7:  FWHM =  10.21 Var = 2.36799
 iteration  8:  FWHM =  10.21 Var = 2.36533
 iteration  9:  FWHM =   10.2 Var = 2.36309
 iteration 10:  FWHM =   10.2 Var = 2.36176
 iteration 11:  FWHM =   10.2 Var = 2.36136
 iteration 12:  FWHM =   10.2 Var = 2.36122
 iteration 13:  FWHM =  10.21 Var = 2.36098
 iteration 14:  FWHM =  10.21 Var = 2.36094
 iteration 15:  FWHM =  10.21 Var = 2.36089
 iteration 16:  FWHM =  10.21 Var = 2.36089
Computing inverse deformation...
Save results to disk...



 Saved file: 
fe_structure_KW_96dirs_b2000_1p5iso_STC_run01_500000_SD_PROB_lmax2_connNUM02_TRACTS.mat 



 DONE Subject KW Run#2 

 Working on Subject KW Run#3 
Load FE structure...
Extract fibers...
Segment tracts...
You chose to recompute ROIs
Fibers that get as close to the ROIs as 2mm will become candidates for the Mori Groups
Smoothing by 0 & 8mm..
Coarse Affine Registration..
Fine Affine Registration..
3D CT Norm...
 iteration  1:  FWHM =  15.78 Var = 50.8945
 iteration  2:  FWHM =  10.51 Var = 3.15349
 iteration  3:  FWHM =   10.3 Var = 2.57159
 iteration  4:  FWHM =  10.22 Var = 2.4277
 iteration  5:  FWHM =  10.21 Var = 2.38564
 iteration  6:  FWHM =  10.21 Var = 2.37324
 iteration  7:  FWHM =  10.21 Var = 2.36799
 iteration  8:  FWHM =  10.21 Var = 2.36533
 iteration  9:  FWHM =   10.2 Var = 2.36309
 iteration 10:  FWHM =   10.2 Var = 2.36176
 iteration 11:  FWHM =   10.2 Var = 2.36136
 iteration 12:  FWHM =   10.2 Var = 2.36122
 iteration 13:  FWHM =  10.21 Var = 2.36098
 iteration 14:  FWHM =  10.21 Var = 2.36094
 iteration 15:  FWHM =  10.21 Var = 2.36089
 iteration 16:  FWHM =  10.21 Var = 2.36089
Computing inverse deformation...
Save results to disk...



 Saved file: 
fe_structure_KW_96dirs_b2000_1p5iso_STC_run01_500000_SD_PROB_lmax2_connNUM03_TRACTS.mat 



 DONE Subject KW Run#3 

 Working on Subject KW Run#4 
Load FE structure...
Extract fibers...
Segment tracts...
You chose to recompute ROIs
Fibers that get as close to the ROIs as 2mm will become candidates for the Mori Groups
Smoothing by 0 & 8mm..
Coarse Affine Registration..
Fine Affine Registration..
3D CT Norm...
 iteration  1:  FWHM =  15.78 Var = 50.8945
 iteration  2:  FWHM =  10.51 Var = 3.15349
 iteration  3:  FWHM =   10.3 Var = 2.57159
 iteration  4:  FWHM =  10.22 Var = 2.4277
 iteration  5:  FWHM =  10.21 Var = 2.38564
 iteration  6:  FWHM =  10.21 Var = 2.37324
 iteration  7:  FWHM =  10.21 Var = 2.36799
 iteration  8:  FWHM =  10.21 Var = 2.36533
 iteration  9:  FWHM =   10.2 Var = 2.36309
 iteration 10:  FWHM =   10.2 Var = 2.36176
 iteration 11:  FWHM =   10.2 Var = 2.36136
 iteration 12:  FWHM =   10.2 Var = 2.36122
 iteration 13:  FWHM =  10.21 Var = 2.36098
 iteration 14:  FWHM =  10.21 Var = 2.36094
 iteration 15:  FWHM =  10.21 Var = 2.36089
 iteration 16:  FWHM =  10.21 Var = 2.36089
Computing inverse deformation...
Save results to disk...



 Saved file: 
fe_structure_KW_96dirs_b2000_1p5iso_STC_run01_500000_SD_PROB_lmax2_connNUM04_TRACTS.mat 



 DONE Subject KW Run#4 

 Working on Subject KW Run#5 
Load FE structure...
Extract fibers...
Segment tracts...
You chose to recompute ROIs
Fibers that get as close to the ROIs as 2mm will become candidates for the Mori Groups
Smoothing by 0 & 8mm..
Coarse Affine Registration..
Fine Affine Registration..
3D CT Norm...
 iteration  1:  FWHM =  15.78 Var = 50.8945
 iteration  2:  FWHM =  10.51 Var = 3.15349
 iteration  3:  FWHM =   10.3 Var = 2.57159
 iteration  4:  FWHM =  10.22 Var = 2.4277
 iteration  5:  FWHM =  10.21 Var = 2.38564
 iteration  6:  FWHM =  10.21 Var = 2.37324
 iteration  7:  FWHM =  10.21 Var = 2.36799
 iteration  8:  FWHM =  10.21 Var = 2.36533
 iteration  9:  FWHM =   10.2 Var = 2.36309
 iteration 10:  FWHM =   10.2 Var = 2.36176
 iteration 11:  FWHM =   10.2 Var = 2.36136
 iteration 12:  FWHM =   10.2 Var = 2.36122
 iteration 13:  FWHM =  10.21 Var = 2.36098
 iteration 14:  FWHM =  10.21 Var = 2.36094
 iteration 15:  FWHM =  10.21 Var = 2.36089
 iteration 16:  FWHM =  10.21 Var = 2.36089
Computing inverse deformation...
Save results to disk...



 Saved file: 
fe_structure_KW_96dirs_b2000_1p5iso_STC_run01_500000_SD_PROB_lmax2_connNUM05_TRACTS.mat 



 DONE Subject KW Run#5 

 Working on Subject KW Run#6 
Load FE structure...
Extract fibers...
Segment tracts...
You chose to recompute ROIs
Fibers that get as close to the ROIs as 2mm will become candidates for the Mori Groups
Smoothing by 0 & 8mm..
Coarse Affine Registration..
Fine Affine Registration..
3D CT Norm...
 iteration  1:  FWHM =  15.78 Var = 50.8945
 iteration  2:  FWHM =  10.51 Var = 3.15349
 iteration  3:  FWHM =   10.3 Var = 2.57159
 iteration  4:  FWHM =  10.22 Var = 2.4277
 iteration  5:  FWHM =  10.21 Var = 2.38564
 iteration  6:  FWHM =  10.21 Var = 2.37324
 iteration  7:  FWHM =  10.21 Var = 2.36799
 iteration  8:  FWHM =  10.21 Var = 2.36533
 iteration  9:  FWHM =   10.2 Var = 2.36309
 iteration 10:  FWHM =   10.2 Var = 2.36176
 iteration 11:  FWHM =   10.2 Var = 2.36136
 iteration 12:  FWHM =   10.2 Var = 2.36122
 iteration 13:  FWHM =  10.21 Var = 2.36098
 iteration 14:  FWHM =  10.21 Var = 2.36094
 iteration 15:  FWHM =  10.21 Var = 2.36089
 iteration 16:  FWHM =  10.21 Var = 2.36089
Computing inverse deformation...
Save results to disk...



 Saved file: 
fe_structure_KW_96dirs_b2000_1p5iso_STC_run01_500000_SD_PROB_lmax2_connNUM06_TRACTS.mat 



 DONE Subject KW Run#6 

 Working on Subject KW Run#7 
Load FE structure...
Extract fibers...
Segment tracts...
You chose to recompute ROIs
Fibers that get as close to the ROIs as 2mm will become candidates for the Mori Groups
Smoothing by 0 & 8mm..
Coarse Affine Registration..
Fine Affine Registration..
3D CT Norm...
 iteration  1:  FWHM =  15.78 Var = 50.8945
 iteration  2:  FWHM =  10.51 Var = 3.15349
 iteration  3:  FWHM =   10.3 Var = 2.57159
 iteration  4:  FWHM =  10.22 Var = 2.4277
 iteration  5:  FWHM =  10.21 Var = 2.38564
 iteration  6:  FWHM =  10.21 Var = 2.37324
 iteration  7:  FWHM =  10.21 Var = 2.36799
 iteration  8:  FWHM =  10.21 Var = 2.36533
 iteration  9:  FWHM =   10.2 Var = 2.36309
 iteration 10:  FWHM =   10.2 Var = 2.36176
 iteration 11:  FWHM =   10.2 Var = 2.36136
 iteration 12:  FWHM =   10.2 Var = 2.36122
 iteration 13:  FWHM =  10.21 Var = 2.36098
 iteration 14:  FWHM =  10.21 Var = 2.36094
 iteration 15:  FWHM =  10.21 Var = 2.36089
 iteration 16:  FWHM =  10.21 Var = 2.36089
Computing inverse deformation...
Save results to disk...



 Saved file: 
fe_structure_KW_96dirs_b2000_1p5iso_STC_run01_500000_SD_PROB_lmax2_connNUM07_TRACTS.mat 



 DONE Subject KW Run#7 

 Working on Subject KW Run#8 
Load FE structure...
Extract fibers...
Segment tracts...
You chose to recompute ROIs
Fibers that get as close to the ROIs as 2mm will become candidates for the Mori Groups
Smoothing by 0 & 8mm..
Coarse Affine Registration..
Fine Affine Registration..
3D CT Norm...
 iteration  1:  FWHM =  15.78 Var = 50.8945
 iteration  2:  FWHM =  10.51 Var = 3.15349
 iteration  3:  FWHM =   10.3 Var = 2.57159
 iteration  4:  FWHM =  10.22 Var = 2.4277
 iteration  5:  FWHM =  10.21 Var = 2.38564
 iteration  6:  FWHM =  10.21 Var = 2.37324
 iteration  7:  FWHM =  10.21 Var = 2.36799
 iteration  8:  FWHM =  10.21 Var = 2.36533
 iteration  9:  FWHM =   10.2 Var = 2.36309
 iteration 10:  FWHM =   10.2 Var = 2.36176
 iteration 11:  FWHM =   10.2 Var = 2.36136
 iteration 12:  FWHM =   10.2 Var = 2.36122
 iteration 13:  FWHM =  10.21 Var = 2.36098
 iteration 14:  FWHM =  10.21 Var = 2.36094
 iteration 15:  FWHM =  10.21 Var = 2.36089
 iteration 16:  FWHM =  10.21 Var = 2.36089
Computing inverse deformation...
Save results to disk...



 Saved file: 
fe_structure_KW_96dirs_b2000_1p5iso_STC_run01_500000_SD_PROB_lmax2_connNUM08_TRACTS.mat 



 DONE Subject KW Run#8 

 Working on Subject KW Run#9 
Load FE structure...
Extract fibers...
Segment tracts...
You chose to recompute ROIs
Fibers that get as close to the ROIs as 2mm will become candidates for the Mori Groups
Smoothing by 0 & 8mm..
Coarse Affine Registration..
Fine Affine Registration..
3D CT Norm...
 iteration  1:  FWHM =  15.78 Var = 50.8945
 iteration  2:  FWHM =  10.51 Var = 3.15349
 iteration  3:  FWHM =   10.3 Var = 2.57159
 iteration  4:  FWHM =  10.22 Var = 2.4277
 iteration  5:  FWHM =  10.21 Var = 2.38564
 iteration  6:  FWHM =  10.21 Var = 2.37324
 iteration  7:  FWHM =  10.21 Var = 2.36799
 iteration  8:  FWHM =  10.21 Var = 2.36533
 iteration  9:  FWHM =   10.2 Var = 2.36309
 iteration 10:  FWHM =   10.2 Var = 2.36176
 iteration 11:  FWHM =   10.2 Var = 2.36136
 iteration 12:  FWHM =   10.2 Var = 2.36122
 iteration 13:  FWHM =  10.21 Var = 2.36098
 iteration 14:  FWHM =  10.21 Var = 2.36094
 iteration 15:  FWHM =  10.21 Var = 2.36089
 iteration 16:  FWHM =  10.21 Var = 2.36089
Computing inverse deformation...
Save results to disk...



 Saved file: 
fe_structure_KW_96dirs_b2000_1p5iso_STC_run01_500000_SD_PROB_lmax2_connNUM09_TRACTS.mat 



 DONE Subject KW Run#9 

 Working on Subject KW Run#10 
Load FE structure...
Extract fibers...
Segment tracts...
You chose to recompute ROIs
Fibers that get as close to the ROIs as 2mm will become candidates for the Mori Groups
Smoothing by 0 & 8mm..
Coarse Affine Registration..
Fine Affine Registration..
3D CT Norm...
 iteration  1:  FWHM =  15.78 Var = 50.8945
 iteration  2:  FWHM =  10.51 Var = 3.15349
 iteration  3:  FWHM =   10.3 Var = 2.57159
 iteration  4:  FWHM =  10.22 Var = 2.4277
 iteration  5:  FWHM =  10.21 Var = 2.38564
 iteration  6:  FWHM =  10.21 Var = 2.37324
 iteration  7:  FWHM =  10.21 Var = 2.36799
 iteration  8:  FWHM =  10.21 Var = 2.36533
 iteration  9:  FWHM =   10.2 Var = 2.36309
 iteration 10:  FWHM =   10.2 Var = 2.36176
 iteration 11:  FWHM =   10.2 Var = 2.36136
 iteration 12:  FWHM =   10.2 Var = 2.36122
 iteration 13:  FWHM =  10.21 Var = 2.36098
 iteration 14:  FWHM =  10.21 Var = 2.36094
 iteration 15:  FWHM =  10.21 Var = 2.36089
 iteration 16:  FWHM =  10.21 Var = 2.36089
Computing inverse deformation...
Save results to disk...



 Saved file: 
fe_structure_KW_96dirs_b2000_1p5iso_STC_run01_500000_SD_PROB_lmax2_connNUM10_TRACTS.mat 



 DONE Subject KW Run#10 

 Working on Subject KW Run#1 
Load FE structure...
Extract fibers...
Segment tracts...
You chose to recompute ROIs
Fibers that get as close to the ROIs as 2mm will become candidates for the Mori Groups
Smoothing by 0 & 8mm..
Coarse Affine Registration..
Fine Affine Registration..
3D CT Norm...
 iteration  1:  FWHM =  15.78 Var = 50.8945
 iteration  2:  FWHM =  10.51 Var = 3.15349
 iteration  3:  FWHM =   10.3 Var = 2.57159
 iteration  4:  FWHM =  10.22 Var = 2.4277
 iteration  5:  FWHM =  10.21 Var = 2.38564
 iteration  6:  FWHM =  10.21 Var = 2.37324
 iteration  7:  FWHM =  10.21 Var = 2.36799
 iteration  8:  FWHM =  10.21 Var = 2.36533
 iteration  9:  FWHM =   10.2 Var = 2.36309
 iteration 10:  FWHM =   10.2 Var = 2.36176
 iteration 11:  FWHM =   10.2 Var = 2.36136
 iteration 12:  FWHM =   10.2 Var = 2.36122
 iteration 13:  FWHM =  10.21 Var = 2.36098
 iteration 14:  FWHM =  10.21 Var = 2.36094
 iteration 15:  FWHM =  10.21 Var = 2.36089
 iteration 16:  FWHM =  10.21 Var = 2.36089
Computing inverse deformation...
Save results to disk...



 Saved file: 
fe_structure_KW_96dirs_b2000_1p5iso_STC_run01_500000_SD_STREAM_lmax2_connNUM01_TRACTS.mat 



 DONE Subject KW Run#1 

 Working on Subject KW Run#2 
Load FE structure...
Extract fibers...
Segment tracts...
You chose to recompute ROIs
Fibers that get as close to the ROIs as 2mm will become candidates for the Mori Groups
Smoothing by 0 & 8mm..
Coarse Affine Registration..
Fine Affine Registration..
3D CT Norm...
 iteration  1:  FWHM =  15.78 Var = 50.8945
 iteration  2:  FWHM =  10.51 Var = 3.15349
 iteration  3:  FWHM =   10.3 Var = 2.57159
 iteration  4:  FWHM =  10.22 Var = 2.4277
 iteration  5:  FWHM =  10.21 Var = 2.38564
 iteration  6:  FWHM =  10.21 Var = 2.37324
 iteration  7:  FWHM =  10.21 Var = 2.36799
 iteration  8:  FWHM =  10.21 Var = 2.36533
 iteration  9:  FWHM =   10.2 Var = 2.36309
 iteration 10:  FWHM =   10.2 Var = 2.36176
 iteration 11:  FWHM =   10.2 Var = 2.36136
 iteration 12:  FWHM =   10.2 Var = 2.36122
 iteration 13:  FWHM =  10.21 Var = 2.36098
 iteration 14:  FWHM =  10.21 Var = 2.36094
 iteration 15:  FWHM =  10.21 Var = 2.36089
 iteration 16:  FWHM =  10.21 Var = 2.36089
Computing inverse deformation...
Save results to disk...



 Saved file: 
fe_structure_KW_96dirs_b2000_1p5iso_STC_run01_500000_SD_STREAM_lmax2_connNUM02_TRACTS.mat 



 DONE Subject KW Run#2 

 Working on Subject KW Run#3 
Load FE structure...
Extract fibers...
Segment tracts...
You chose to recompute ROIs
Fibers that get as close to the ROIs as 2mm will become candidates for the Mori Groups
Smoothing by 0 & 8mm..
Coarse Affine Registration..
Fine Affine Registration..
3D CT Norm...
 iteration  1:  FWHM =  15.78 Var = 50.8945
 iteration  2:  FWHM =  10.51 Var = 3.15349
 iteration  3:  FWHM =   10.3 Var = 2.57159
 iteration  4:  FWHM =  10.22 Var = 2.4277
 iteration  5:  FWHM =  10.21 Var = 2.38564
 iteration  6:  FWHM =  10.21 Var = 2.37324
 iteration  7:  FWHM =  10.21 Var = 2.36799
 iteration  8:  FWHM =  10.21 Var = 2.36533
 iteration  9:  FWHM =   10.2 Var = 2.36309
 iteration 10:  FWHM =   10.2 Var = 2.36176
 iteration 11:  FWHM =   10.2 Var = 2.36136
 iteration 12:  FWHM =   10.2 Var = 2.36122
 iteration 13:  FWHM =  10.21 Var = 2.36098
 iteration 14:  FWHM =  10.21 Var = 2.36094
 iteration 15:  FWHM =  10.21 Var = 2.36089
 iteration 16:  FWHM =  10.21 Var = 2.36089
Computing inverse deformation...
Save results to disk...



 Saved file: 
fe_structure_KW_96dirs_b2000_1p5iso_STC_run01_500000_SD_STREAM_lmax2_connNUM03_TRACTS.mat 



 DONE Subject KW Run#3 

 Working on Subject KW Run#4 
Load FE structure...
Extract fibers...
Segment tracts...
You chose to recompute ROIs
Fibers that get as close to the ROIs as 2mm will become candidates for the Mori Groups
Smoothing by 0 & 8mm..
Coarse Affine Registration..
Fine Affine Registration..
3D CT Norm...
 iteration  1:  FWHM =  15.78 Var = 50.8945
 iteration  2:  FWHM =  10.51 Var = 3.15349
 iteration  3:  FWHM =   10.3 Var = 2.57159
 iteration  4:  FWHM =  10.22 Var = 2.4277
 iteration  5:  FWHM =  10.21 Var = 2.38564
 iteration  6:  FWHM =  10.21 Var = 2.37324
 iteration  7:  FWHM =  10.21 Var = 2.36799
 iteration  8:  FWHM =  10.21 Var = 2.36533
 iteration  9:  FWHM =   10.2 Var = 2.36309
 iteration 10:  FWHM =   10.2 Var = 2.36176
 iteration 11:  FWHM =   10.2 Var = 2.36136
 iteration 12:  FWHM =   10.2 Var = 2.36122
 iteration 13:  FWHM =  10.21 Var = 2.36098
 iteration 14:  FWHM =  10.21 Var = 2.36094
 iteration 15:  FWHM =  10.21 Var = 2.36089
 iteration 16:  FWHM =  10.21 Var = 2.36089
Computing inverse deformation...
Save results to disk...



 Saved file: 
fe_structure_KW_96dirs_b2000_1p5iso_STC_run01_500000_SD_STREAM_lmax2_connNUM04_TRACTS.mat 



 DONE Subject KW Run#4 

 Working on Subject KW Run#5 
Load FE structure...
Extract fibers...
Segment tracts...
You chose to recompute ROIs
Fibers that get as close to the ROIs as 2mm will become candidates for the Mori Groups
Smoothing by 0 & 8mm..
Coarse Affine Registration..
Fine Affine Registration..
3D CT Norm...
 iteration  1:  FWHM =  15.78 Var = 50.8945
 iteration  2:  FWHM =  10.51 Var = 3.15349
 iteration  3:  FWHM =   10.3 Var = 2.57159
 iteration  4:  FWHM =  10.22 Var = 2.4277
 iteration  5:  FWHM =  10.21 Var = 2.38564
 iteration  6:  FWHM =  10.21 Var = 2.37324
 iteration  7:  FWHM =  10.21 Var = 2.36799
 iteration  8:  FWHM =  10.21 Var = 2.36533
 iteration  9:  FWHM =   10.2 Var = 2.36309
 iteration 10:  FWHM =   10.2 Var = 2.36176
 iteration 11:  FWHM =   10.2 Var = 2.36136
 iteration 12:  FWHM =   10.2 Var = 2.36122
 iteration 13:  FWHM =  10.21 Var = 2.36098
 iteration 14:  FWHM =  10.21 Var = 2.36094
 iteration 15:  FWHM =  10.21 Var = 2.36089
 iteration 16:  FWHM =  10.21 Var = 2.36089
Computing inverse deformation...
Save results to disk...



 Saved file: 
fe_structure_KW_96dirs_b2000_1p5iso_STC_run01_500000_SD_STREAM_lmax2_connNUM05_TRACTS.mat 



 DONE Subject KW Run#5 

 Working on Subject KW Run#6 
Load FE structure...
Extract fibers...
Segment tracts...
You chose to recompute ROIs
Fibers that get as close to the ROIs as 2mm will become candidates for the Mori Groups
Smoothing by 0 & 8mm..
Coarse Affine Registration..
Fine Affine Registration..
3D CT Norm...
 iteration  1:  FWHM =  15.78 Var = 50.8945
 iteration  2:  FWHM =  10.51 Var = 3.15349
 iteration  3:  FWHM =   10.3 Var = 2.57159
 iteration  4:  FWHM =  10.22 Var = 2.4277
 iteration  5:  FWHM =  10.21 Var = 2.38564
 iteration  6:  FWHM =  10.21 Var = 2.37324
 iteration  7:  FWHM =  10.21 Var = 2.36799
 iteration  8:  FWHM =  10.21 Var = 2.36533
 iteration  9:  FWHM =   10.2 Var = 2.36309
 iteration 10:  FWHM =   10.2 Var = 2.36176
 iteration 11:  FWHM =   10.2 Var = 2.36136
 iteration 12:  FWHM =   10.2 Var = 2.36122
 iteration 13:  FWHM =  10.21 Var = 2.36098
 iteration 14:  FWHM =  10.21 Var = 2.36094
 iteration 15:  FWHM =  10.21 Var = 2.36089
 iteration 16:  FWHM =  10.21 Var = 2.36089
Computing inverse deformation...
Save results to disk...



 Saved file: 
fe_structure_KW_96dirs_b2000_1p5iso_STC_run01_500000_SD_STREAM_lmax2_connNUM06_TRACTS.mat 



 DONE Subject KW Run#6 

 Working on Subject KW Run#7 
Load FE structure...
Extract fibers...
Segment tracts...
You chose to recompute ROIs
Fibers that get as close to the ROIs as 2mm will become candidates for the Mori Groups
Smoothing by 0 & 8mm..
Coarse Affine Registration..
Fine Affine Registration..
3D CT Norm...
 iteration  1:  FWHM =  15.78 Var = 50.8945
 iteration  2:  FWHM =  10.51 Var = 3.15349
 iteration  3:  FWHM =   10.3 Var = 2.57159
 iteration  4:  FWHM =  10.22 Var = 2.4277
 iteration  5:  FWHM =  10.21 Var = 2.38564
 iteration  6:  FWHM =  10.21 Var = 2.37324
 iteration  7:  FWHM =  10.21 Var = 2.36799
 iteration  8:  FWHM =  10.21 Var = 2.36533
 iteration  9:  FWHM =   10.2 Var = 2.36309
 iteration 10:  FWHM =   10.2 Var = 2.36176
 iteration 11:  FWHM =   10.2 Var = 2.36136
 iteration 12:  FWHM =   10.2 Var = 2.36122
 iteration 13:  FWHM =  10.21 Var = 2.36098
 iteration 14:  FWHM =  10.21 Var = 2.36094
 iteration 15:  FWHM =  10.21 Var = 2.36089
 iteration 16:  FWHM =  10.21 Var = 2.36089
Computing inverse deformation...
Save results to disk...



 Saved file: 
fe_structure_KW_96dirs_b2000_1p5iso_STC_run01_500000_SD_STREAM_lmax2_connNUM07_TRACTS.mat 



 DONE Subject KW Run#7 

 Working on Subject KW Run#8 
Load FE structure...
Extract fibers...
Segment tracts...
You chose to recompute ROIs
Fibers that get as close to the ROIs as 2mm will become candidates for the Mori Groups
Smoothing by 0 & 8mm..
Coarse Affine Registration..
Fine Affine Registration..
3D CT Norm...
 iteration  1:  FWHM =  15.78 Var = 50.8945
 iteration  2:  FWHM =  10.51 Var = 3.15349
 iteration  3:  FWHM =   10.3 Var = 2.57159
 iteration  4:  FWHM =  10.22 Var = 2.4277
 iteration  5:  FWHM =  10.21 Var = 2.38564
 iteration  6:  FWHM =  10.21 Var = 2.37324
 iteration  7:  FWHM =  10.21 Var = 2.36799
 iteration  8:  FWHM =  10.21 Var = 2.36533
 iteration  9:  FWHM =   10.2 Var = 2.36309
 iteration 10:  FWHM =   10.2 Var = 2.36176
 iteration 11:  FWHM =   10.2 Var = 2.36136
 iteration 12:  FWHM =   10.2 Var = 2.36122
 iteration 13:  FWHM =  10.21 Var = 2.36098
 iteration 14:  FWHM =  10.21 Var = 2.36094
 iteration 15:  FWHM =  10.21 Var = 2.36089
 iteration 16:  FWHM =  10.21 Var = 2.36089
Computing inverse deformation...
Save results to disk...



 Saved file: 
fe_structure_KW_96dirs_b2000_1p5iso_STC_run01_500000_SD_STREAM_lmax2_connNUM08_TRACTS.mat 



 DONE Subject KW Run#8 

 Working on Subject KW Run#9 
Load FE structure...
Extract fibers...
Segment tracts...
You chose to recompute ROIs
Fibers that get as close to the ROIs as 2mm will become candidates for the Mori Groups
Smoothing by 0 & 8mm..
Coarse Affine Registration..
Fine Affine Registration..
3D CT Norm...
 iteration  1:  FWHM =  15.78 Var = 50.8945
 iteration  2:  FWHM =  10.51 Var = 3.15349
 iteration  3:  FWHM =   10.3 Var = 2.57159
 iteration  4:  FWHM =  10.22 Var = 2.4277
 iteration  5:  FWHM =  10.21 Var = 2.38564
 iteration  6:  FWHM =  10.21 Var = 2.37324
 iteration  7:  FWHM =  10.21 Var = 2.36799
 iteration  8:  FWHM =  10.21 Var = 2.36533
 iteration  9:  FWHM =   10.2 Var = 2.36309
 iteration 10:  FWHM =   10.2 Var = 2.36176
 iteration 11:  FWHM =   10.2 Var = 2.36136
 iteration 12:  FWHM =   10.2 Var = 2.36122
 iteration 13:  FWHM =  10.21 Var = 2.36098
 iteration 14:  FWHM =  10.21 Var = 2.36094
 iteration 15:  FWHM =  10.21 Var = 2.36089
 iteration 16:  FWHM =  10.21 Var = 2.36089
Computing inverse deformation...
Save results to disk...



 Saved file: 
fe_structure_KW_96dirs_b2000_1p5iso_STC_run01_500000_SD_STREAM_lmax2_connNUM09_TRACTS.mat 



 DONE Subject KW Run#9 

 Working on Subject KW Run#10 
Load FE structure...
Extract fibers...
Segment tracts...
You chose to recompute ROIs
Fibers that get as close to the ROIs as 2mm will become candidates for the Mori Groups
Smoothing by 0 & 8mm..
Coarse Affine Registration..
Fine Affine Registration..
3D CT Norm...
 iteration  1:  FWHM =  15.78 Var = 50.8945
 iteration  2:  FWHM =  10.51 Var = 3.15349
 iteration  3:  FWHM =   10.3 Var = 2.57159
 iteration  4:  FWHM =  10.22 Var = 2.4277
 iteration  5:  FWHM =  10.21 Var = 2.38564
 iteration  6:  FWHM =  10.21 Var = 2.37324
 iteration  7:  FWHM =  10.21 Var = 2.36799
 iteration  8:  FWHM =  10.21 Var = 2.36533
 iteration  9:  FWHM =   10.2 Var = 2.36309
 iteration 10:  FWHM =   10.2 Var = 2.36176
 iteration 11:  FWHM =   10.2 Var = 2.36136
 iteration 12:  FWHM =   10.2 Var = 2.36122
 iteration 13:  FWHM =  10.21 Var = 2.36098
 iteration 14:  FWHM =  10.21 Var = 2.36094
 iteration 15:  FWHM =  10.21 Var = 2.36089
 iteration 16:  FWHM =  10.21 Var = 2.36089
Computing inverse deformation...
Save results to disk...



 Saved file: 
fe_structure_KW_96dirs_b2000_1p5iso_STC_run01_500000_SD_STREAM_lmax2_connNUM10_TRACTS.mat 



 DONE Subject KW Run#10 

 Working on Subject KW Run#1 
Load FE structure...
Extract fibers...
Segment tracts...
You chose to recompute ROIs
Fibers that get as close to the ROIs as 2mm will become candidates for the Mori Groups
Smoothing by 0 & 8mm..
Coarse Affine Registration..
Fine Affine Registration..
3D CT Norm...
 iteration  1:  FWHM =  15.78 Var = 50.8945
 iteration  2:  FWHM =  10.51 Var = 3.15349
 iteration  3:  FWHM =   10.3 Var = 2.57159
 iteration  4:  FWHM =  10.22 Var = 2.4277
 iteration  5:  FWHM =  10.21 Var = 2.38564
 iteration  6:  FWHM =  10.21 Var = 2.37324
 iteration  7:  FWHM =  10.21 Var = 2.36799
 iteration  8:  FWHM =  10.21 Var = 2.36533
 iteration  9:  FWHM =   10.2 Var = 2.36309
 iteration 10:  FWHM =   10.2 Var = 2.36176
 iteration 11:  FWHM =   10.2 Var = 2.36136
 iteration 12:  FWHM =   10.2 Var = 2.36122
 iteration 13:  FWHM =  10.21 Var = 2.36098
 iteration 14:  FWHM =  10.21 Var = 2.36094
 iteration 15:  FWHM =  10.21 Var = 2.36089
 iteration 16:  FWHM =  10.21 Var = 2.36089
Computing inverse deformation...
Save results to disk...



 Saved file: 
fe_structure_KW_96dirs_b2000_1p5iso_STC_run01_500000_SD_PROB_lmax4_connNUM01_TRACTS.mat 



 DONE Subject KW Run#1 

 Working on Subject KW Run#2 
Load FE structure...
Extract fibers...
Segment tracts...
You chose to recompute ROIs
Fibers that get as close to the ROIs as 2mm will become candidates for the Mori Groups
Smoothing by 0 & 8mm..
Coarse Affine Registration..
Fine Affine Registration..
3D CT Norm...
 iteration  1:  FWHM =  15.78 Var = 50.8945
 iteration  2:  FWHM =  10.51 Var = 3.15349
 iteration  3:  FWHM =   10.3 Var = 2.57159
 iteration  4:  FWHM =  10.22 Var = 2.4277
 iteration  5:  FWHM =  10.21 Var = 2.38564
 iteration  6:  FWHM =  10.21 Var = 2.37324
 iteration  7:  FWHM =  10.21 Var = 2.36799
 iteration  8:  FWHM =  10.21 Var = 2.36533
 iteration  9:  FWHM =   10.2 Var = 2.36309
 iteration 10:  FWHM =   10.2 Var = 2.36176
 iteration 11:  FWHM =   10.2 Var = 2.36136
 iteration 12:  FWHM =   10.2 Var = 2.36122
 iteration 13:  FWHM =  10.21 Var = 2.36098
 iteration 14:  FWHM =  10.21 Var = 2.36094
 iteration 15:  FWHM =  10.21 Var = 2.36089
 iteration 16:  FWHM =  10.21 Var = 2.36089
Computing inverse deformation...
Save results to disk...



 Saved file: 
fe_structure_KW_96dirs_b2000_1p5iso_STC_run01_500000_SD_PROB_lmax4_connNUM02_TRACTS.mat 



 DONE Subject KW Run#2 

 Working on Subject KW Run#3 
Load FE structure...
Extract fibers...
Segment tracts...
You chose to recompute ROIs
Fibers that get as close to the ROIs as 2mm will become candidates for the Mori Groups
Smoothing by 0 & 8mm..
Coarse Affine Registration..
Fine Affine Registration..
3D CT Norm...
 iteration  1:  FWHM =  15.78 Var = 50.8945
 iteration  2:  FWHM =  10.51 Var = 3.15349
 iteration  3:  FWHM =   10.3 Var = 2.57159
 iteration  4:  FWHM =  10.22 Var = 2.4277
 iteration  5:  FWHM =  10.21 Var = 2.38564
 iteration  6:  FWHM =  10.21 Var = 2.37324
 iteration  7:  FWHM =  10.21 Var = 2.36799
 iteration  8:  FWHM =  10.21 Var = 2.36533
 iteration  9:  FWHM =   10.2 Var = 2.36309
 iteration 10:  FWHM =   10.2 Var = 2.36176
 iteration 11:  FWHM =   10.2 Var = 2.36136
 iteration 12:  FWHM =   10.2 Var = 2.36122
 iteration 13:  FWHM =  10.21 Var = 2.36098
 iteration 14:  FWHM =  10.21 Var = 2.36094
 iteration 15:  FWHM =  10.21 Var = 2.36089
 iteration 16:  FWHM =  10.21 Var = 2.36089
Computing inverse deformation...
Save results to disk...



 Saved file: 
fe_structure_KW_96dirs_b2000_1p5iso_STC_run01_500000_SD_PROB_lmax4_connNUM03_TRACTS.mat 



 DONE Subject KW Run#3 

 Working on Subject KW Run#4 
Load FE structure...
Extract fibers...
Segment tracts...
You chose to recompute ROIs
Fibers that get as close to the ROIs as 2mm will become candidates for the Mori Groups
Smoothing by 0 & 8mm..
Coarse Affine Registration..
Fine Affine Registration..
3D CT Norm...
 iteration  1:  FWHM =  15.78 Var = 50.8945
 iteration  2:  FWHM =  10.51 Var = 3.15349
 iteration  3:  FWHM =   10.3 Var = 2.57159
 iteration  4:  FWHM =  10.22 Var = 2.4277
 iteration  5:  FWHM =  10.21 Var = 2.38564
 iteration  6:  FWHM =  10.21 Var = 2.37324
 iteration  7:  FWHM =  10.21 Var = 2.36799
 iteration  8:  FWHM =  10.21 Var = 2.36533
 iteration  9:  FWHM =   10.2 Var = 2.36309
 iteration 10:  FWHM =   10.2 Var = 2.36176
 iteration 11:  FWHM =   10.2 Var = 2.36136
 iteration 12:  FWHM =   10.2 Var = 2.36122
 iteration 13:  FWHM =  10.21 Var = 2.36098
 iteration 14:  FWHM =  10.21 Var = 2.36094
 iteration 15:  FWHM =  10.21 Var = 2.36089
 iteration 16:  FWHM =  10.21 Var = 2.36089
Computing inverse deformation...
Save results to disk...



 Saved file: 
fe_structure_KW_96dirs_b2000_1p5iso_STC_run01_500000_SD_PROB_lmax4_connNUM04_TRACTS.mat 



 DONE Subject KW Run#4 

 Working on Subject KW Run#5 
Load FE structure...
Extract fibers...
Segment tracts...
You chose to recompute ROIs
Fibers that get as close to the ROIs as 2mm will become candidates for the Mori Groups
Smoothing by 0 & 8mm..
Coarse Affine Registration..
Fine Affine Registration..
3D CT Norm...
 iteration  1:  FWHM =  15.78 Var = 50.8945
 iteration  2:  FWHM =  10.51 Var = 3.15349
 iteration  3:  FWHM =   10.3 Var = 2.57159
 iteration  4:  FWHM =  10.22 Var = 2.4277
 iteration  5:  FWHM =  10.21 Var = 2.38564
 iteration  6:  FWHM =  10.21 Var = 2.37324
 iteration  7:  FWHM =  10.21 Var = 2.36799
 iteration  8:  FWHM =  10.21 Var = 2.36533
 iteration  9:  FWHM =   10.2 Var = 2.36309
 iteration 10:  FWHM =   10.2 Var = 2.36176
 iteration 11:  FWHM =   10.2 Var = 2.36136
 iteration 12:  FWHM =   10.2 Var = 2.36122
 iteration 13:  FWHM =  10.21 Var = 2.36098
 iteration 14:  FWHM =  10.21 Var = 2.36094
 iteration 15:  FWHM =  10.21 Var = 2.36089
 iteration 16:  FWHM =  10.21 Var = 2.36089
Computing inverse deformation...
Save results to disk...



 Saved file: 
fe_structure_KW_96dirs_b2000_1p5iso_STC_run01_500000_SD_PROB_lmax4_connNUM05_TRACTS.mat 



 DONE Subject KW Run#5 

 Working on Subject KW Run#6 
Load FE structure...
Extract fibers...
Segment tracts...
You chose to recompute ROIs
Fibers that get as close to the ROIs as 2mm will become candidates for the Mori Groups
Smoothing by 0 & 8mm..
Coarse Affine Registration..
Fine Affine Registration..
3D CT Norm...
 iteration  1:  FWHM =  15.78 Var = 50.8945
 iteration  2:  FWHM =  10.51 Var = 3.15349
 iteration  3:  FWHM =   10.3 Var = 2.57159
 iteration  4:  FWHM =  10.22 Var = 2.4277
 iteration  5:  FWHM =  10.21 Var = 2.38564
 iteration  6:  FWHM =  10.21 Var = 2.37324
 iteration  7:  FWHM =  10.21 Var = 2.36799
 iteration  8:  FWHM =  10.21 Var = 2.36533
 iteration  9:  FWHM =   10.2 Var = 2.36309
 iteration 10:  FWHM =   10.2 Var = 2.36176
 iteration 11:  FWHM =   10.2 Var = 2.36136
 iteration 12:  FWHM =   10.2 Var = 2.36122
 iteration 13:  FWHM =  10.21 Var = 2.36098
 iteration 14:  FWHM =  10.21 Var = 2.36094
 iteration 15:  FWHM =  10.21 Var = 2.36089
 iteration 16:  FWHM =  10.21 Var = 2.36089
Computing inverse deformation...
Save results to disk...



 Saved file: 
fe_structure_KW_96dirs_b2000_1p5iso_STC_run01_500000_SD_PROB_lmax4_connNUM06_TRACTS.mat 



 DONE Subject KW Run#6 

 Working on Subject KW Run#7 
Load FE structure...
Extract fibers...
Segment tracts...
You chose to recompute ROIs
Fibers that get as close to the ROIs as 2mm will become candidates for the Mori Groups
Smoothing by 0 & 8mm..
Coarse Affine Registration..
Fine Affine Registration..
3D CT Norm...
 iteration  1:  FWHM =  15.78 Var = 50.8945
 iteration  2:  FWHM =  10.51 Var = 3.15349
 iteration  3:  FWHM =   10.3 Var = 2.57159
 iteration  4:  FWHM =  10.22 Var = 2.4277
 iteration  5:  FWHM =  10.21 Var = 2.38564
 iteration  6:  FWHM =  10.21 Var = 2.37324
 iteration  7:  FWHM =  10.21 Var = 2.36799
 iteration  8:  FWHM =  10.21 Var = 2.36533
 iteration  9:  FWHM =   10.2 Var = 2.36309
 iteration 10:  FWHM =   10.2 Var = 2.36176
 iteration 11:  FWHM =   10.2 Var = 2.36136
 iteration 12:  FWHM =   10.2 Var = 2.36122
 iteration 13:  FWHM =  10.21 Var = 2.36098
 iteration 14:  FWHM =  10.21 Var = 2.36094
 iteration 15:  FWHM =  10.21 Var = 2.36089
 iteration 16:  FWHM =  10.21 Var = 2.36089
Computing inverse deformation...
Save results to disk...



 Saved file: 
fe_structure_KW_96dirs_b2000_1p5iso_STC_run01_500000_SD_PROB_lmax4_connNUM07_TRACTS.mat 



 DONE Subject KW Run#7 

 Working on Subject KW Run#8 
Load FE structure...
Extract fibers...
Segment tracts...
You chose to recompute ROIs
Fibers that get as close to the ROIs as 2mm will become candidates for the Mori Groups
Smoothing by 0 & 8mm..
Coarse Affine Registration..
Fine Affine Registration..
3D CT Norm...
 iteration  1:  FWHM =  15.78 Var = 50.8945
 iteration  2:  FWHM =  10.51 Var = 3.15349
 iteration  3:  FWHM =   10.3 Var = 2.57159
 iteration  4:  FWHM =  10.22 Var = 2.4277
 iteration  5:  FWHM =  10.21 Var = 2.38564
 iteration  6:  FWHM =  10.21 Var = 2.37324
 iteration  7:  FWHM =  10.21 Var = 2.36799
 iteration  8:  FWHM =  10.21 Var = 2.36533
 iteration  9:  FWHM =   10.2 Var = 2.36309
 iteration 10:  FWHM =   10.2 Var = 2.36176
 iteration 11:  FWHM =   10.2 Var = 2.36136
 iteration 12:  FWHM =   10.2 Var = 2.36122
 iteration 13:  FWHM =  10.21 Var = 2.36098
 iteration 14:  FWHM =  10.21 Var = 2.36094
 iteration 15:  FWHM =  10.21 Var = 2.36089
 iteration 16:  FWHM =  10.21 Var = 2.36089
Computing inverse deformation...
Save results to disk...



 Saved file: 
fe_structure_KW_96dirs_b2000_1p5iso_STC_run01_500000_SD_PROB_lmax4_connNUM08_TRACTS.mat 



 DONE Subject KW Run#8 

 Working on Subject KW Run#9 
Load FE structure...
Extract fibers...
Segment tracts...
You chose to recompute ROIs
Fibers that get as close to the ROIs as 2mm will become candidates for the Mori Groups
Smoothing by 0 & 8mm..
Coarse Affine Registration..
Fine Affine Registration..
3D CT Norm...
 iteration  1:  FWHM =  15.78 Var = 50.8945
 iteration  2:  FWHM =  10.51 Var = 3.15349
 iteration  3:  FWHM =   10.3 Var = 2.57159
 iteration  4:  FWHM =  10.22 Var = 2.4277
 iteration  5:  FWHM =  10.21 Var = 2.38564
 iteration  6:  FWHM =  10.21 Var = 2.37324
 iteration  7:  FWHM =  10.21 Var = 2.36799
 iteration  8:  FWHM =  10.21 Var = 2.36533
 iteration  9:  FWHM =   10.2 Var = 2.36309
 iteration 10:  FWHM =   10.2 Var = 2.36176
 iteration 11:  FWHM =   10.2 Var = 2.36136
 iteration 12:  FWHM =   10.2 Var = 2.36122
 iteration 13:  FWHM =  10.21 Var = 2.36098
 iteration 14:  FWHM =  10.21 Var = 2.36094
 iteration 15:  FWHM =  10.21 Var = 2.36089
 iteration 16:  FWHM =  10.21 Var = 2.36089
Computing inverse deformation...
Save results to disk...



 Saved file: 
fe_structure_KW_96dirs_b2000_1p5iso_STC_run01_500000_SD_PROB_lmax4_connNUM09_TRACTS.mat 



 DONE Subject KW Run#9 

 Working on Subject KW Run#10 
Load FE structure...
Extract fibers...
Segment tracts...
You chose to recompute ROIs
Fibers that get as close to the ROIs as 2mm will become candidates for the Mori Groups
Smoothing by 0 & 8mm..
Coarse Affine Registration..
Fine Affine Registration..
3D CT Norm...
 iteration  1:  FWHM =  15.78 Var = 50.8945
 iteration  2:  FWHM =  10.51 Var = 3.15349
 iteration  3:  FWHM =   10.3 Var = 2.57159
 iteration  4:  FWHM =  10.22 Var = 2.4277
 iteration  5:  FWHM =  10.21 Var = 2.38564
 iteration  6:  FWHM =  10.21 Var = 2.37324
 iteration  7:  FWHM =  10.21 Var = 2.36799
 iteration  8:  FWHM =  10.21 Var = 2.36533
 iteration  9:  FWHM =   10.2 Var = 2.36309
 iteration 10:  FWHM =   10.2 Var = 2.36176
 iteration 11:  FWHM =   10.2 Var = 2.36136
 iteration 12:  FWHM =   10.2 Var = 2.36122
 iteration 13:  FWHM =  10.21 Var = 2.36098
 iteration 14:  FWHM =  10.21 Var = 2.36094
 iteration 15:  FWHM =  10.21 Var = 2.36089
 iteration 16:  FWHM =  10.21 Var = 2.36089
Computing inverse deformation...
Save results to disk...



 Saved file: 
fe_structure_KW_96dirs_b2000_1p5iso_STC_run01_500000_SD_PROB_lmax4_connNUM10_TRACTS.mat 



 DONE Subject KW Run#10 

 Working on Subject KW Run#1 
Load FE structure...
