
                            < M A T L A B (R) >
                  Copyright 1984-2015 The MathWorks, Inc.
                   R2015a (8.5.0.197613) 64-bit (glnxa64)
                             February 12, 2015

 
For online documentation, see http://www.mathworks.com/support
For product information, visit www.mathworks.com.
 
Users who wish to run multiple Matlab jobs should contact Research
Analytics at researchanalytics@iu.edu to discuss current usage.
 

	Academic License

SPM (Statistical Parametric Mapping) software package version 8 loaded.

 Working on Subject 111312 Run#1 
Load FE structure...
Extract fibers...
Segment tracts...
You chose to recompute ROIs
Fibers that get as close to the ROIs as 2mm will become candidates for the Mori Groups
Direct calls to spm_defauts are deprecated.
Please use spm('Defaults',modality) or spm_get_defaults instead.
Smoothing by 0 & 8mm..
Coarse Affine Registration..
Fine Affine Registration..
3D CT Norm...
 iteration  1:  FWHM =  17.66 Var = 143.553
 iteration  2:  FWHM =  8.681 Var = 0.906071
 iteration  3:  FWHM =   7.98 Var = 0.517774
 iteration  4:  FWHM =   7.95 Var = 0.484523
 iteration  5:  FWHM =  7.899 Var = 0.477967
 iteration  6:  FWHM =  7.913 Var = 0.477078
 iteration  7:  FWHM =  7.901 Var = 0.476632
 iteration  8:  FWHM =  7.908 Var = 0.476602
 iteration  9:  FWHM =  7.903 Var = 0.476472
 iteration 10:  FWHM =  7.906 Var = 0.476472
 iteration 11:  FWHM =  7.904 Var = 0.476469
 iteration 12:  FWHM =  7.905 Var = 0.476469
 iteration 13:  FWHM =  7.904 Var = 0.476469
 iteration 14:  FWHM =  7.904 Var = 0.476469
 iteration 15:  FWHM =  7.904 Var = 0.476467
 iteration 16:  FWHM =  7.904 Var = 0.476467
Computing inverse deformation...
Save results to disk...



 Saved file: 
fe_structure_111312_STC_run01_500000_tensor__connNUM01_TRACTS-nocull.mat 



 DONE Subject 111312 Run#1 

 Working on Subject 111312 Run#2 
Load FE structure...
Extract fibers...
Segment tracts...
You chose to recompute ROIs
Fibers that get as close to the ROIs as 2mm will become candidates for the Mori Groups
Smoothing by 0 & 8mm..
Coarse Affine Registration..
Fine Affine Registration..
3D CT Norm...
 iteration  1:  FWHM =  17.66 Var = 143.553
 iteration  2:  FWHM =  8.681 Var = 0.906071
 iteration  3:  FWHM =   7.98 Var = 0.517774
 iteration  4:  FWHM =   7.95 Var = 0.484523
 iteration  5:  FWHM =  7.899 Var = 0.477967
 iteration  6:  FWHM =  7.913 Var = 0.477078
 iteration  7:  FWHM =  7.901 Var = 0.476632
 iteration  8:  FWHM =  7.908 Var = 0.476602
 iteration  9:  FWHM =  7.903 Var = 0.476472
 iteration 10:  FWHM =  7.906 Var = 0.476472
 iteration 11:  FWHM =  7.904 Var = 0.476469
 iteration 12:  FWHM =  7.905 Var = 0.476469
 iteration 13:  FWHM =  7.904 Var = 0.476469
 iteration 14:  FWHM =  7.904 Var = 0.476469
 iteration 15:  FWHM =  7.904 Var = 0.476467
 iteration 16:  FWHM =  7.904 Var = 0.476467
Computing inverse deformation...
Save results to disk...



 Saved file: 
fe_structure_111312_STC_run01_500000_tensor__connNUM02_TRACTS-nocull.mat 



 DONE Subject 111312 Run#2 

 Working on Subject 111312 Run#3 
Load FE structure...
Extract fibers...
Segment tracts...
You chose to recompute ROIs
Fibers that get as close to the ROIs as 2mm will become candidates for the Mori Groups
Smoothing by 0 & 8mm..
Coarse Affine Registration..
Fine Affine Registration..
3D CT Norm...
 iteration  1:  FWHM =  17.66 Var = 143.553
 iteration  2:  FWHM =  8.681 Var = 0.906071
 iteration  3:  FWHM =   7.98 Var = 0.517774
 iteration  4:  FWHM =   7.95 Var = 0.484523
 iteration  5:  FWHM =  7.899 Var = 0.477967
 iteration  6:  FWHM =  7.913 Var = 0.477078
 iteration  7:  FWHM =  7.901 Var = 0.476632
 iteration  8:  FWHM =  7.908 Var = 0.476602
 iteration  9:  FWHM =  7.903 Var = 0.476472
 iteration 10:  FWHM =  7.906 Var = 0.476472
 iteration 11:  FWHM =  7.904 Var = 0.476469
 iteration 12:  FWHM =  7.905 Var = 0.476469
 iteration 13:  FWHM =  7.904 Var = 0.476469
 iteration 14:  FWHM =  7.904 Var = 0.476469
 iteration 15:  FWHM =  7.904 Var = 0.476467
 iteration 16:  FWHM =  7.904 Var = 0.476467
Computing inverse deformation...
Save results to disk...



 Saved file: 
fe_structure_111312_STC_run01_500000_tensor__connNUM03_TRACTS-nocull.mat 



 DONE Subject 111312 Run#3 

 Working on Subject 111312 Run#4 
Load FE structure...
Extract fibers...
Segment tracts...
You chose to recompute ROIs
Fibers that get as close to the ROIs as 2mm will become candidates for the Mori Groups
Smoothing by 0 & 8mm..
Coarse Affine Registration..
Fine Affine Registration..
3D CT Norm...
 iteration  1:  FWHM =  17.66 Var = 143.553
 iteration  2:  FWHM =  8.681 Var = 0.906071
 iteration  3:  FWHM =   7.98 Var = 0.517774
 iteration  4:  FWHM =   7.95 Var = 0.484523
 iteration  5:  FWHM =  7.899 Var = 0.477967
 iteration  6:  FWHM =  7.913 Var = 0.477078
 iteration  7:  FWHM =  7.901 Var = 0.476632
 iteration  8:  FWHM =  7.908 Var = 0.476602
 iteration  9:  FWHM =  7.903 Var = 0.476472
 iteration 10:  FWHM =  7.906 Var = 0.476472
 iteration 11:  FWHM =  7.904 Var = 0.476469
 iteration 12:  FWHM =  7.905 Var = 0.476469
 iteration 13:  FWHM =  7.904 Var = 0.476469
 iteration 14:  FWHM =  7.904 Var = 0.476469
 iteration 15:  FWHM =  7.904 Var = 0.476467
 iteration 16:  FWHM =  7.904 Var = 0.476467
Computing inverse deformation...
Save results to disk...



 Saved file: 
fe_structure_111312_STC_run01_500000_tensor__connNUM04_TRACTS-nocull.mat 



 DONE Subject 111312 Run#4 

 Working on Subject 111312 Run#5 
Load FE structure...
Extract fibers...
Segment tracts...
You chose to recompute ROIs
Fibers that get as close to the ROIs as 2mm will become candidates for the Mori Groups
Smoothing by 0 & 8mm..
Coarse Affine Registration..
Fine Affine Registration..
3D CT Norm...
 iteration  1:  FWHM =  17.66 Var = 143.553
 iteration  2:  FWHM =  8.681 Var = 0.906071
 iteration  3:  FWHM =   7.98 Var = 0.517774
 iteration  4:  FWHM =   7.95 Var = 0.484523
 iteration  5:  FWHM =  7.899 Var = 0.477967
 iteration  6:  FWHM =  7.913 Var = 0.477078
 iteration  7:  FWHM =  7.901 Var = 0.476632
 iteration  8:  FWHM =  7.908 Var = 0.476602
 iteration  9:  FWHM =  7.903 Var = 0.476472
 iteration 10:  FWHM =  7.906 Var = 0.476472
 iteration 11:  FWHM =  7.904 Var = 0.476469
 iteration 12:  FWHM =  7.905 Var = 0.476469
 iteration 13:  FWHM =  7.904 Var = 0.476469
 iteration 14:  FWHM =  7.904 Var = 0.476469
 iteration 15:  FWHM =  7.904 Var = 0.476467
 iteration 16:  FWHM =  7.904 Var = 0.476467
Computing inverse deformation...
Save results to disk...



 Saved file: 
fe_structure_111312_STC_run01_500000_tensor__connNUM05_TRACTS-nocull.mat 



 DONE Subject 111312 Run#5 

 Working on Subject 111312 Run#6 
Load FE structure...
Extract fibers...
Segment tracts...
You chose to recompute ROIs
Fibers that get as close to the ROIs as 2mm will become candidates for the Mori Groups
Smoothing by 0 & 8mm..
Coarse Affine Registration..
Fine Affine Registration..
3D CT Norm...
 iteration  1:  FWHM =  17.66 Var = 143.553
 iteration  2:  FWHM =  8.681 Var = 0.906071
 iteration  3:  FWHM =   7.98 Var = 0.517774
 iteration  4:  FWHM =   7.95 Var = 0.484523
 iteration  5:  FWHM =  7.899 Var = 0.477967
 iteration  6:  FWHM =  7.913 Var = 0.477078
 iteration  7:  FWHM =  7.901 Var = 0.476632
 iteration  8:  FWHM =  7.908 Var = 0.476602
 iteration  9:  FWHM =  7.903 Var = 0.476472
 iteration 10:  FWHM =  7.906 Var = 0.476472
 iteration 11:  FWHM =  7.904 Var = 0.476469
 iteration 12:  FWHM =  7.905 Var = 0.476469
 iteration 13:  FWHM =  7.904 Var = 0.476469
 iteration 14:  FWHM =  7.904 Var = 0.476469
 iteration 15:  FWHM =  7.904 Var = 0.476467
 iteration 16:  FWHM =  7.904 Var = 0.476467
Computing inverse deformation...
Save results to disk...



 Saved file: 
fe_structure_111312_STC_run01_500000_tensor__connNUM06_TRACTS-nocull.mat 



 DONE Subject 111312 Run#6 

 Working on Subject 111312 Run#7 
Load FE structure...
Extract fibers...
Segment tracts...
You chose to recompute ROIs
Fibers that get as close to the ROIs as 2mm will become candidates for the Mori Groups
Smoothing by 0 & 8mm..
Coarse Affine Registration..
Fine Affine Registration..
3D CT Norm...
 iteration  1:  FWHM =  17.66 Var = 143.553
 iteration  2:  FWHM =  8.681 Var = 0.906071
 iteration  3:  FWHM =   7.98 Var = 0.517774
 iteration  4:  FWHM =   7.95 Var = 0.484523
 iteration  5:  FWHM =  7.899 Var = 0.477967
 iteration  6:  FWHM =  7.913 Var = 0.477078
 iteration  7:  FWHM =  7.901 Var = 0.476632
 iteration  8:  FWHM =  7.908 Var = 0.476602
 iteration  9:  FWHM =  7.903 Var = 0.476472
 iteration 10:  FWHM =  7.906 Var = 0.476472
 iteration 11:  FWHM =  7.904 Var = 0.476469
 iteration 12:  FWHM =  7.905 Var = 0.476469
 iteration 13:  FWHM =  7.904 Var = 0.476469
 iteration 14:  FWHM =  7.904 Var = 0.476469
 iteration 15:  FWHM =  7.904 Var = 0.476467
 iteration 16:  FWHM =  7.904 Var = 0.476467
Computing inverse deformation...
Save results to disk...



 Saved file: 
fe_structure_111312_STC_run01_500000_tensor__connNUM07_TRACTS-nocull.mat 



 DONE Subject 111312 Run#7 

 Working on Subject 111312 Run#8 
Load FE structure...
Extract fibers...
Segment tracts...
You chose to recompute ROIs
Fibers that get as close to the ROIs as 2mm will become candidates for the Mori Groups
Smoothing by 0 & 8mm..
Coarse Affine Registration..
Fine Affine Registration..
3D CT Norm...
 iteration  1:  FWHM =  17.66 Var = 143.553
 iteration  2:  FWHM =  8.681 Var = 0.906071
 iteration  3:  FWHM =   7.98 Var = 0.517774
 iteration  4:  FWHM =   7.95 Var = 0.484523
 iteration  5:  FWHM =  7.899 Var = 0.477967
 iteration  6:  FWHM =  7.913 Var = 0.477078
 iteration  7:  FWHM =  7.901 Var = 0.476632
 iteration  8:  FWHM =  7.908 Var = 0.476602
 iteration  9:  FWHM =  7.903 Var = 0.476472
 iteration 10:  FWHM =  7.906 Var = 0.476472
 iteration 11:  FWHM =  7.904 Var = 0.476469
 iteration 12:  FWHM =  7.905 Var = 0.476469
 iteration 13:  FWHM =  7.904 Var = 0.476469
 iteration 14:  FWHM =  7.904 Var = 0.476469
 iteration 15:  FWHM =  7.904 Var = 0.476467
 iteration 16:  FWHM =  7.904 Var = 0.476467
Computing inverse deformation...
Save results to disk...



 Saved file: 
fe_structure_111312_STC_run01_500000_tensor__connNUM08_TRACTS-nocull.mat 



 DONE Subject 111312 Run#8 

 Working on Subject 111312 Run#9 
Load FE structure...
Extract fibers...
Segment tracts...
You chose to recompute ROIs
Fibers that get as close to the ROIs as 2mm will become candidates for the Mori Groups
Smoothing by 0 & 8mm..
Coarse Affine Registration..
Fine Affine Registration..
3D CT Norm...
 iteration  1:  FWHM =  17.66 Var = 143.553
 iteration  2:  FWHM =  8.681 Var = 0.906071
 iteration  3:  FWHM =   7.98 Var = 0.517774
 iteration  4:  FWHM =   7.95 Var = 0.484523
 iteration  5:  FWHM =  7.899 Var = 0.477967
 iteration  6:  FWHM =  7.913 Var = 0.477078
 iteration  7:  FWHM =  7.901 Var = 0.476632
 iteration  8:  FWHM =  7.908 Var = 0.476602
 iteration  9:  FWHM =  7.903 Var = 0.476472
 iteration 10:  FWHM =  7.906 Var = 0.476472
 iteration 11:  FWHM =  7.904 Var = 0.476469
 iteration 12:  FWHM =  7.905 Var = 0.476469
 iteration 13:  FWHM =  7.904 Var = 0.476469
 iteration 14:  FWHM =  7.904 Var = 0.476469
 iteration 15:  FWHM =  7.904 Var = 0.476467
 iteration 16:  FWHM =  7.904 Var = 0.476467
Computing inverse deformation...
Save results to disk...



 Saved file: 
fe_structure_111312_STC_run01_500000_tensor__connNUM09_TRACTS-nocull.mat 



 DONE Subject 111312 Run#9 

 Working on Subject 111312 Run#10 
Load FE structure...
Extract fibers...
Segment tracts...
You chose to recompute ROIs
Fibers that get as close to the ROIs as 2mm will become candidates for the Mori Groups
Smoothing by 0 & 8mm..
Coarse Affine Registration..
Fine Affine Registration..
3D CT Norm...
 iteration  1:  FWHM =  17.66 Var = 143.553
 iteration  2:  FWHM =  8.681 Var = 0.906071
 iteration  3:  FWHM =   7.98 Var = 0.517774
 iteration  4:  FWHM =   7.95 Var = 0.484523
 iteration  5:  FWHM =  7.899 Var = 0.477967
 iteration  6:  FWHM =  7.913 Var = 0.477078
 iteration  7:  FWHM =  7.901 Var = 0.476632
 iteration  8:  FWHM =  7.908 Var = 0.476602
 iteration  9:  FWHM =  7.903 Var = 0.476472
 iteration 10:  FWHM =  7.906 Var = 0.476472
 iteration 11:  FWHM =  7.904 Var = 0.476469
 iteration 12:  FWHM =  7.905 Var = 0.476469
 iteration 13:  FWHM =  7.904 Var = 0.476469
 iteration 14:  FWHM =  7.904 Var = 0.476469
 iteration 15:  FWHM =  7.904 Var = 0.476467
 iteration 16:  FWHM =  7.904 Var = 0.476467
Computing inverse deformation...
Save results to disk...



 Saved file: 
fe_structure_111312_STC_run01_500000_tensor__connNUM10_TRACTS-nocull.mat 



 DONE Subject 111312 Run#10 

 Working on Subject 111312 Run#1 
Load FE structure...
Extract fibers...
Segment tracts...
You chose to recompute ROIs
Fibers that get as close to the ROIs as 2mm will become candidates for the Mori Groups
Smoothing by 0 & 8mm..
Coarse Affine Registration..
Fine Affine Registration..
3D CT Norm...
 iteration  1:  FWHM =  17.66 Var = 143.553
 iteration  2:  FWHM =  8.681 Var = 0.906071
 iteration  3:  FWHM =   7.98 Var = 0.517774
 iteration  4:  FWHM =   7.95 Var = 0.484523
 iteration  5:  FWHM =  7.899 Var = 0.477967
 iteration  6:  FWHM =  7.913 Var = 0.477078
 iteration  7:  FWHM =  7.901 Var = 0.476632
 iteration  8:  FWHM =  7.908 Var = 0.476602
 iteration  9:  FWHM =  7.903 Var = 0.476472
 iteration 10:  FWHM =  7.906 Var = 0.476472
 iteration 11:  FWHM =  7.904 Var = 0.476469
 iteration 12:  FWHM =  7.905 Var = 0.476469
 iteration 13:  FWHM =  7.904 Var = 0.476469
 iteration 14:  FWHM =  7.904 Var = 0.476469
 iteration 15:  FWHM =  7.904 Var = 0.476467
 iteration 16:  FWHM =  7.904 Var = 0.476467
Computing inverse deformation...
Save results to disk...



 Saved file: 
fe_structure_111312_STC_run01_500000_SD_PROB_lmax2_connNUM01_TRACTS-nocull.mat 



 DONE Subject 111312 Run#1 

 Working on Subject 111312 Run#2 
Load FE structure...
Extract fibers...
Segment tracts...
You chose to recompute ROIs
Fibers that get as close to the ROIs as 2mm will become candidates for the Mori Groups
Smoothing by 0 & 8mm..
Coarse Affine Registration..
Fine Affine Registration..
3D CT Norm...
 iteration  1:  FWHM =  17.66 Var = 143.553
 iteration  2:  FWHM =  8.681 Var = 0.906071
 iteration  3:  FWHM =   7.98 Var = 0.517774
 iteration  4:  FWHM =   7.95 Var = 0.484523
 iteration  5:  FWHM =  7.899 Var = 0.477967
 iteration  6:  FWHM =  7.913 Var = 0.477078
 iteration  7:  FWHM =  7.901 Var = 0.476632
 iteration  8:  FWHM =  7.908 Var = 0.476602
 iteration  9:  FWHM =  7.903 Var = 0.476472
 iteration 10:  FWHM =  7.906 Var = 0.476472
 iteration 11:  FWHM =  7.904 Var = 0.476469
 iteration 12:  FWHM =  7.905 Var = 0.476469
 iteration 13:  FWHM =  7.904 Var = 0.476469
 iteration 14:  FWHM =  7.904 Var = 0.476469
 iteration 15:  FWHM =  7.904 Var = 0.476467
 iteration 16:  FWHM =  7.904 Var = 0.476467
Computing inverse deformation...
Save results to disk...



 Saved file: 
fe_structure_111312_STC_run01_500000_SD_PROB_lmax2_connNUM02_TRACTS-nocull.mat 



 DONE Subject 111312 Run#2 

 Working on Subject 111312 Run#3 
Load FE structure...
Extract fibers...
Segment tracts...
You chose to recompute ROIs
Fibers that get as close to the ROIs as 2mm will become candidates for the Mori Groups
Smoothing by 0 & 8mm..
Coarse Affine Registration..
Fine Affine Registration..
3D CT Norm...
 iteration  1:  FWHM =  17.66 Var = 143.553
 iteration  2:  FWHM =  8.681 Var = 0.906071
 iteration  3:  FWHM =   7.98 Var = 0.517774
 iteration  4:  FWHM =   7.95 Var = 0.484523
 iteration  5:  FWHM =  7.899 Var = 0.477967
 iteration  6:  FWHM =  7.913 Var = 0.477078
 iteration  7:  FWHM =  7.901 Var = 0.476632
 iteration  8:  FWHM =  7.908 Var = 0.476602
 iteration  9:  FWHM =  7.903 Var = 0.476472
 iteration 10:  FWHM =  7.906 Var = 0.476472
 iteration 11:  FWHM =  7.904 Var = 0.476469
 iteration 12:  FWHM =  7.905 Var = 0.476469
 iteration 13:  FWHM =  7.904 Var = 0.476469
 iteration 14:  FWHM =  7.904 Var = 0.476469
 iteration 15:  FWHM =  7.904 Var = 0.476467
 iteration 16:  FWHM =  7.904 Var = 0.476467
Computing inverse deformation...
Save results to disk...



 Saved file: 
fe_structure_111312_STC_run01_500000_SD_PROB_lmax2_connNUM03_TRACTS-nocull.mat 



 DONE Subject 111312 Run#3 

 Working on Subject 111312 Run#4 
Load FE structure...
Extract fibers...
Segment tracts...
You chose to recompute ROIs
Fibers that get as close to the ROIs as 2mm will become candidates for the Mori Groups
Smoothing by 0 & 8mm..
Coarse Affine Registration..
Fine Affine Registration..
3D CT Norm...
 iteration  1:  FWHM =  17.66 Var = 143.553
 iteration  2:  FWHM =  8.681 Var = 0.906071
 iteration  3:  FWHM =   7.98 Var = 0.517774
 iteration  4:  FWHM =   7.95 Var = 0.484523
 iteration  5:  FWHM =  7.899 Var = 0.477967
 iteration  6:  FWHM =  7.913 Var = 0.477078
 iteration  7:  FWHM =  7.901 Var = 0.476632
 iteration  8:  FWHM =  7.908 Var = 0.476602
 iteration  9:  FWHM =  7.903 Var = 0.476472
 iteration 10:  FWHM =  7.906 Var = 0.476472
 iteration 11:  FWHM =  7.904 Var = 0.476469
 iteration 12:  FWHM =  7.905 Var = 0.476469
 iteration 13:  FWHM =  7.904 Var = 0.476469
 iteration 14:  FWHM =  7.904 Var = 0.476469
 iteration 15:  FWHM =  7.904 Var = 0.476467
 iteration 16:  FWHM =  7.904 Var = 0.476467
Computing inverse deformation...
Save results to disk...



 Saved file: 
fe_structure_111312_STC_run01_500000_SD_PROB_lmax2_connNUM04_TRACTS-nocull.mat 



 DONE Subject 111312 Run#4 

 Working on Subject 111312 Run#5 
Load FE structure...
Extract fibers...
Segment tracts...
You chose to recompute ROIs
Fibers that get as close to the ROIs as 2mm will become candidates for the Mori Groups
Smoothing by 0 & 8mm..
Coarse Affine Registration..
Fine Affine Registration..
3D CT Norm...
 iteration  1:  FWHM =  17.66 Var = 143.553
 iteration  2:  FWHM =  8.681 Var = 0.906071
 iteration  3:  FWHM =   7.98 Var = 0.517774
 iteration  4:  FWHM =   7.95 Var = 0.484523
 iteration  5:  FWHM =  7.899 Var = 0.477967
 iteration  6:  FWHM =  7.913 Var = 0.477078
 iteration  7:  FWHM =  7.901 Var = 0.476632
 iteration  8:  FWHM =  7.908 Var = 0.476602
 iteration  9:  FWHM =  7.903 Var = 0.476472
 iteration 10:  FWHM =  7.906 Var = 0.476472
 iteration 11:  FWHM =  7.904 Var = 0.476469
 iteration 12:  FWHM =  7.905 Var = 0.476469
 iteration 13:  FWHM =  7.904 Var = 0.476469
 iteration 14:  FWHM =  7.904 Var = 0.476469
 iteration 15:  FWHM =  7.904 Var = 0.476467
 iteration 16:  FWHM =  7.904 Var = 0.476467
Computing inverse deformation...
Save results to disk...



 Saved file: 
fe_structure_111312_STC_run01_500000_SD_PROB_lmax2_connNUM05_TRACTS-nocull.mat 



 DONE Subject 111312 Run#5 

 Working on Subject 111312 Run#6 
Load FE structure...
Extract fibers...
Segment tracts...
You chose to recompute ROIs
Fibers that get as close to the ROIs as 2mm will become candidates for the Mori Groups
Smoothing by 0 & 8mm..
Coarse Affine Registration..
Fine Affine Registration..
3D CT Norm...
 iteration  1:  FWHM =  17.66 Var = 143.553
 iteration  2:  FWHM =  8.681 Var = 0.906071
 iteration  3:  FWHM =   7.98 Var = 0.517774
 iteration  4:  FWHM =   7.95 Var = 0.484523
 iteration  5:  FWHM =  7.899 Var = 0.477967
 iteration  6:  FWHM =  7.913 Var = 0.477078
 iteration  7:  FWHM =  7.901 Var = 0.476632
 iteration  8:  FWHM =  7.908 Var = 0.476602
 iteration  9:  FWHM =  7.903 Var = 0.476472
 iteration 10:  FWHM =  7.906 Var = 0.476472
 iteration 11:  FWHM =  7.904 Var = 0.476469
 iteration 12:  FWHM =  7.905 Var = 0.476469
 iteration 13:  FWHM =  7.904 Var = 0.476469
 iteration 14:  FWHM =  7.904 Var = 0.476469
 iteration 15:  FWHM =  7.904 Var = 0.476467
 iteration 16:  FWHM =  7.904 Var = 0.476467
Computing inverse deformation...
Save results to disk...



 Saved file: 
fe_structure_111312_STC_run01_500000_SD_PROB_lmax2_connNUM06_TRACTS-nocull.mat 



 DONE Subject 111312 Run#6 

 Working on Subject 111312 Run#7 
Load FE structure...
Extract fibers...
Segment tracts...
You chose to recompute ROIs
Fibers that get as close to the ROIs as 2mm will become candidates for the Mori Groups
Smoothing by 0 & 8mm..
Coarse Affine Registration..
Fine Affine Registration..
3D CT Norm...
 iteration  1:  FWHM =  17.66 Var = 143.553
 iteration  2:  FWHM =  8.681 Var = 0.906071
 iteration  3:  FWHM =   7.98 Var = 0.517774
 iteration  4:  FWHM =   7.95 Var = 0.484523
 iteration  5:  FWHM =  7.899 Var = 0.477967
 iteration  6:  FWHM =  7.913 Var = 0.477078
 iteration  7:  FWHM =  7.901 Var = 0.476632
 iteration  8:  FWHM =  7.908 Var = 0.476602
 iteration  9:  FWHM =  7.903 Var = 0.476472
 iteration 10:  FWHM =  7.906 Var = 0.476472
 iteration 11:  FWHM =  7.904 Var = 0.476469
 iteration 12:  FWHM =  7.905 Var = 0.476469
 iteration 13:  FWHM =  7.904 Var = 0.476469
 iteration 14:  FWHM =  7.904 Var = 0.476469
 iteration 15:  FWHM =  7.904 Var = 0.476467
 iteration 16:  FWHM =  7.904 Var = 0.476467
Computing inverse deformation...
Save results to disk...



 Saved file: 
fe_structure_111312_STC_run01_500000_SD_PROB_lmax2_connNUM07_TRACTS-nocull.mat 



 DONE Subject 111312 Run#7 

 Working on Subject 111312 Run#8 
Load FE structure...
Extract fibers...
Segment tracts...
You chose to recompute ROIs
Fibers that get as close to the ROIs as 2mm will become candidates for the Mori Groups
Smoothing by 0 & 8mm..
Coarse Affine Registration..
Fine Affine Registration..
3D CT Norm...
 iteration  1:  FWHM =  17.66 Var = 143.553
 iteration  2:  FWHM =  8.681 Var = 0.906071
 iteration  3:  FWHM =   7.98 Var = 0.517774
 iteration  4:  FWHM =   7.95 Var = 0.484523
 iteration  5:  FWHM =  7.899 Var = 0.477967
 iteration  6:  FWHM =  7.913 Var = 0.477078
 iteration  7:  FWHM =  7.901 Var = 0.476632
 iteration  8:  FWHM =  7.908 Var = 0.476602
 iteration  9:  FWHM =  7.903 Var = 0.476472
 iteration 10:  FWHM =  7.906 Var = 0.476472
 iteration 11:  FWHM =  7.904 Var = 0.476469
 iteration 12:  FWHM =  7.905 Var = 0.476469
 iteration 13:  FWHM =  7.904 Var = 0.476469
 iteration 14:  FWHM =  7.904 Var = 0.476469
 iteration 15:  FWHM =  7.904 Var = 0.476467
 iteration 16:  FWHM =  7.904 Var = 0.476467
Computing inverse deformation...
Save results to disk...



 Saved file: 
fe_structure_111312_STC_run01_500000_SD_PROB_lmax2_connNUM08_TRACTS-nocull.mat 



 DONE Subject 111312 Run#8 

 Working on Subject 111312 Run#9 
Load FE structure...
Extract fibers...
Segment tracts...
You chose to recompute ROIs
Fibers that get as close to the ROIs as 2mm will become candidates for the Mori Groups
Smoothing by 0 & 8mm..
Coarse Affine Registration..
Fine Affine Registration..
3D CT Norm...
 iteration  1:  FWHM =  17.66 Var = 143.553
 iteration  2:  FWHM =  8.681 Var = 0.906071
 iteration  3:  FWHM =   7.98 Var = 0.517774
 iteration  4:  FWHM =   7.95 Var = 0.484523
 iteration  5:  FWHM =  7.899 Var = 0.477967
 iteration  6:  FWHM =  7.913 Var = 0.477078
 iteration  7:  FWHM =  7.901 Var = 0.476632
 iteration  8:  FWHM =  7.908 Var = 0.476602
 iteration  9:  FWHM =  7.903 Var = 0.476472
 iteration 10:  FWHM =  7.906 Var = 0.476472
 iteration 11:  FWHM =  7.904 Var = 0.476469
 iteration 12:  FWHM =  7.905 Var = 0.476469
 iteration 13:  FWHM =  7.904 Var = 0.476469
 iteration 14:  FWHM =  7.904 Var = 0.476469
 iteration 15:  FWHM =  7.904 Var = 0.476467
 iteration 16:  FWHM =  7.904 Var = 0.476467
Computing inverse deformation...
Save results to disk...



 Saved file: 
fe_structure_111312_STC_run01_500000_SD_PROB_lmax2_connNUM09_TRACTS-nocull.mat 



 DONE Subject 111312 Run#9 

 Working on Subject 111312 Run#10 
Load FE structure...
Extract fibers...
Segment tracts...
You chose to recompute ROIs
Fibers that get as close to the ROIs as 2mm will become candidates for the Mori Groups
Smoothing by 0 & 8mm..
Coarse Affine Registration..
Fine Affine Registration..
3D CT Norm...
 iteration  1:  FWHM =  17.66 Var = 143.553
 iteration  2:  FWHM =  8.681 Var = 0.906071
 iteration  3:  FWHM =   7.98 Var = 0.517774
 iteration  4:  FWHM =   7.95 Var = 0.484523
 iteration  5:  FWHM =  7.899 Var = 0.477967
 iteration  6:  FWHM =  7.913 Var = 0.477078
 iteration  7:  FWHM =  7.901 Var = 0.476632
 iteration  8:  FWHM =  7.908 Var = 0.476602
 iteration  9:  FWHM =  7.903 Var = 0.476472
 iteration 10:  FWHM =  7.906 Var = 0.476472
 iteration 11:  FWHM =  7.904 Var = 0.476469
 iteration 12:  FWHM =  7.905 Var = 0.476469
 iteration 13:  FWHM =  7.904 Var = 0.476469
 iteration 14:  FWHM =  7.904 Var = 0.476469
 iteration 15:  FWHM =  7.904 Var = 0.476467
 iteration 16:  FWHM =  7.904 Var = 0.476467
Computing inverse deformation...
Save results to disk...



 Saved file: 
fe_structure_111312_STC_run01_500000_SD_PROB_lmax2_connNUM10_TRACTS-nocull.mat 



 DONE Subject 111312 Run#10 

 Working on Subject 111312 Run#1 
Load FE structure...
Extract fibers...
Segment tracts...
You chose to recompute ROIs
Fibers that get as close to the ROIs as 2mm will become candidates for the Mori Groups
Smoothing by 0 & 8mm..
Coarse Affine Registration..
Fine Affine Registration..
3D CT Norm...
 iteration  1:  FWHM =  17.66 Var = 143.553
 iteration  2:  FWHM =  8.681 Var = 0.906071
 iteration  3:  FWHM =   7.98 Var = 0.517774
 iteration  4:  FWHM =   7.95 Var = 0.484523
 iteration  5:  FWHM =  7.899 Var = 0.477967
 iteration  6:  FWHM =  7.913 Var = 0.477078
 iteration  7:  FWHM =  7.901 Var = 0.476632
 iteration  8:  FWHM =  7.908 Var = 0.476602
 iteration  9:  FWHM =  7.903 Var = 0.476472
 iteration 10:  FWHM =  7.906 Var = 0.476472
 iteration 11:  FWHM =  7.904 Var = 0.476469
 iteration 12:  FWHM =  7.905 Var = 0.476469
 iteration 13:  FWHM =  7.904 Var = 0.476469
 iteration 14:  FWHM =  7.904 Var = 0.476469
 iteration 15:  FWHM =  7.904 Var = 0.476467
 iteration 16:  FWHM =  7.904 Var = 0.476467
Computing inverse deformation...
Save results to disk...



 Saved file: 
fe_structure_111312_STC_run01_500000_SD_STREAM_lmax2_connNUM01_TRACTS-nocull.mat 



 DONE Subject 111312 Run#1 

 Working on Subject 111312 Run#2 
Load FE structure...
Extract fibers...
Segment tracts...
You chose to recompute ROIs
Fibers that get as close to the ROIs as 2mm will become candidates for the Mori Groups
Smoothing by 0 & 8mm..
Coarse Affine Registration..
Fine Affine Registration..
3D CT Norm...
 iteration  1:  FWHM =  17.66 Var = 143.553
 iteration  2:  FWHM =  8.681 Var = 0.906071
 iteration  3:  FWHM =   7.98 Var = 0.517774
 iteration  4:  FWHM =   7.95 Var = 0.484523
 iteration  5:  FWHM =  7.899 Var = 0.477967
 iteration  6:  FWHM =  7.913 Var = 0.477078
 iteration  7:  FWHM =  7.901 Var = 0.476632
 iteration  8:  FWHM =  7.908 Var = 0.476602
 iteration  9:  FWHM =  7.903 Var = 0.476472
 iteration 10:  FWHM =  7.906 Var = 0.476472
 iteration 11:  FWHM =  7.904 Var = 0.476469
 iteration 12:  FWHM =  7.905 Var = 0.476469
 iteration 13:  FWHM =  7.904 Var = 0.476469
 iteration 14:  FWHM =  7.904 Var = 0.476469
 iteration 15:  FWHM =  7.904 Var = 0.476467
 iteration 16:  FWHM =  7.904 Var = 0.476467
Computing inverse deformation...
Save results to disk...



 Saved file: 
fe_structure_111312_STC_run01_500000_SD_STREAM_lmax2_connNUM02_TRACTS-nocull.mat 



 DONE Subject 111312 Run#2 

 Working on Subject 111312 Run#3 
Load FE structure...
Extract fibers...
Segment tracts...
You chose to recompute ROIs
Fibers that get as close to the ROIs as 2mm will become candidates for the Mori Groups
Smoothing by 0 & 8mm..
Coarse Affine Registration..
Fine Affine Registration..
3D CT Norm...
 iteration  1:  FWHM =  17.66 Var = 143.553
 iteration  2:  FWHM =  8.681 Var = 0.906071
 iteration  3:  FWHM =   7.98 Var = 0.517774
 iteration  4:  FWHM =   7.95 Var = 0.484523
 iteration  5:  FWHM =  7.899 Var = 0.477967
 iteration  6:  FWHM =  7.913 Var = 0.477078
 iteration  7:  FWHM =  7.901 Var = 0.476632
 iteration  8:  FWHM =  7.908 Var = 0.476602
 iteration  9:  FWHM =  7.903 Var = 0.476472
 iteration 10:  FWHM =  7.906 Var = 0.476472
 iteration 11:  FWHM =  7.904 Var = 0.476469
 iteration 12:  FWHM =  7.905 Var = 0.476469
 iteration 13:  FWHM =  7.904 Var = 0.476469
 iteration 14:  FWHM =  7.904 Var = 0.476469
 iteration 15:  FWHM =  7.904 Var = 0.476467
 iteration 16:  FWHM =  7.904 Var = 0.476467
Computing inverse deformation...
Save results to disk...



 Saved file: 
fe_structure_111312_STC_run01_500000_SD_STREAM_lmax2_connNUM03_TRACTS-nocull.mat 



 DONE Subject 111312 Run#3 

 Working on Subject 111312 Run#4 
Load FE structure...
Extract fibers...
Segment tracts...
You chose to recompute ROIs
Fibers that get as close to the ROIs as 2mm will become candidates for the Mori Groups
Smoothing by 0 & 8mm..
Coarse Affine Registration..
Fine Affine Registration..
3D CT Norm...
 iteration  1:  FWHM =  17.66 Var = 143.553
 iteration  2:  FWHM =  8.681 Var = 0.906071
 iteration  3:  FWHM =   7.98 Var = 0.517774
 iteration  4:  FWHM =   7.95 Var = 0.484523
 iteration  5:  FWHM =  7.899 Var = 0.477967
 iteration  6:  FWHM =  7.913 Var = 0.477078
 iteration  7:  FWHM =  7.901 Var = 0.476632
 iteration  8:  FWHM =  7.908 Var = 0.476602
 iteration  9:  FWHM =  7.903 Var = 0.476472
 iteration 10:  FWHM =  7.906 Var = 0.476472
 iteration 11:  FWHM =  7.904 Var = 0.476469
 iteration 12:  FWHM =  7.905 Var = 0.476469
 iteration 13:  FWHM =  7.904 Var = 0.476469
 iteration 14:  FWHM =  7.904 Var = 0.476469
 iteration 15:  FWHM =  7.904 Var = 0.476467
 iteration 16:  FWHM =  7.904 Var = 0.476467
Computing inverse deformation...
Save results to disk...



 Saved file: 
fe_structure_111312_STC_run01_500000_SD_STREAM_lmax2_connNUM04_TRACTS-nocull.mat 



 DONE Subject 111312 Run#4 

 Working on Subject 111312 Run#5 
Load FE structure...
Extract fibers...
Segment tracts...
You chose to recompute ROIs
Fibers that get as close to the ROIs as 2mm will become candidates for the Mori Groups
Smoothing by 0 & 8mm..
Coarse Affine Registration..
Fine Affine Registration..
3D CT Norm...
 iteration  1:  FWHM =  17.66 Var = 143.553
 iteration  2:  FWHM =  8.681 Var = 0.906071
 iteration  3:  FWHM =   7.98 Var = 0.517774
 iteration  4:  FWHM =   7.95 Var = 0.484523
 iteration  5:  FWHM =  7.899 Var = 0.477967
 iteration  6:  FWHM =  7.913 Var = 0.477078
 iteration  7:  FWHM =  7.901 Var = 0.476632
 iteration  8:  FWHM =  7.908 Var = 0.476602
 iteration  9:  FWHM =  7.903 Var = 0.476472
 iteration 10:  FWHM =  7.906 Var = 0.476472
 iteration 11:  FWHM =  7.904 Var = 0.476469
 iteration 12:  FWHM =  7.905 Var = 0.476469
 iteration 13:  FWHM =  7.904 Var = 0.476469
 iteration 14:  FWHM =  7.904 Var = 0.476469
 iteration 15:  FWHM =  7.904 Var = 0.476467
 iteration 16:  FWHM =  7.904 Var = 0.476467
Computing inverse deformation...
Save results to disk...



 Saved file: 
fe_structure_111312_STC_run01_500000_SD_STREAM_lmax2_connNUM05_TRACTS-nocull.mat 



 DONE Subject 111312 Run#5 

 Working on Subject 111312 Run#6 
Load FE structure...
Extract fibers...
Segment tracts...
You chose to recompute ROIs
Fibers that get as close to the ROIs as 2mm will become candidates for the Mori Groups
Smoothing by 0 & 8mm..
Coarse Affine Registration..
Fine Affine Registration..
3D CT Norm...
 iteration  1:  FWHM =  17.66 Var = 143.553
 iteration  2:  FWHM =  8.681 Var = 0.906071
 iteration  3:  FWHM =   7.98 Var = 0.517774
 iteration  4:  FWHM =   7.95 Var = 0.484523
 iteration  5:  FWHM =  7.899 Var = 0.477967
 iteration  6:  FWHM =  7.913 Var = 0.477078
 iteration  7:  FWHM =  7.901 Var = 0.476632
 iteration  8:  FWHM =  7.908 Var = 0.476602
 iteration  9:  FWHM =  7.903 Var = 0.476472
 iteration 10:  FWHM =  7.906 Var = 0.476472
 iteration 11:  FWHM =  7.904 Var = 0.476469
 iteration 12:  FWHM =  7.905 Var = 0.476469
 iteration 13:  FWHM =  7.904 Var = 0.476469
 iteration 14:  FWHM =  7.904 Var = 0.476469
 iteration 15:  FWHM =  7.904 Var = 0.476467
 iteration 16:  FWHM =  7.904 Var = 0.476467
Computing inverse deformation...
Save results to disk...



 Saved file: 
fe_structure_111312_STC_run01_500000_SD_STREAM_lmax2_connNUM06_TRACTS-nocull.mat 



 DONE Subject 111312 Run#6 

 Working on Subject 111312 Run#7 
Load FE structure...
Extract fibers...
Segment tracts...
You chose to recompute ROIs
Fibers that get as close to the ROIs as 2mm will become candidates for the Mori Groups
Smoothing by 0 & 8mm..
Coarse Affine Registration..
Fine Affine Registration..
3D CT Norm...
 iteration  1:  FWHM =  17.66 Var = 143.553
 iteration  2:  FWHM =  8.681 Var = 0.906071
 iteration  3:  FWHM =   7.98 Var = 0.517774
 iteration  4:  FWHM =   7.95 Var = 0.484523
 iteration  5:  FWHM =  7.899 Var = 0.477967
 iteration  6:  FWHM =  7.913 Var = 0.477078
 iteration  7:  FWHM =  7.901 Var = 0.476632
 iteration  8:  FWHM =  7.908 Var = 0.476602
 iteration  9:  FWHM =  7.903 Var = 0.476472
 iteration 10:  FWHM =  7.906 Var = 0.476472
 iteration 11:  FWHM =  7.904 Var = 0.476469
 iteration 12:  FWHM =  7.905 Var = 0.476469
 iteration 13:  FWHM =  7.904 Var = 0.476469
 iteration 14:  FWHM =  7.904 Var = 0.476469
 iteration 15:  FWHM =  7.904 Var = 0.476467
 iteration 16:  FWHM =  7.904 Var = 0.476467
Computing inverse deformation...
Save results to disk...



 Saved file: 
fe_structure_111312_STC_run01_500000_SD_STREAM_lmax2_connNUM07_TRACTS-nocull.mat 



 DONE Subject 111312 Run#7 

 Working on Subject 111312 Run#8 
Load FE structure...
Extract fibers...
Segment tracts...
You chose to recompute ROIs
Fibers that get as close to the ROIs as 2mm will become candidates for the Mori Groups
Smoothing by 0 & 8mm..
Coarse Affine Registration..
Fine Affine Registration..
3D CT Norm...
 iteration  1:  FWHM =  17.66 Var = 143.553
 iteration  2:  FWHM =  8.681 Var = 0.906071
 iteration  3:  FWHM =   7.98 Var = 0.517774
 iteration  4:  FWHM =   7.95 Var = 0.484523
 iteration  5:  FWHM =  7.899 Var = 0.477967
 iteration  6:  FWHM =  7.913 Var = 0.477078
 iteration  7:  FWHM =  7.901 Var = 0.476632
 iteration  8:  FWHM =  7.908 Var = 0.476602
 iteration  9:  FWHM =  7.903 Var = 0.476472
 iteration 10:  FWHM =  7.906 Var = 0.476472
 iteration 11:  FWHM =  7.904 Var = 0.476469
 iteration 12:  FWHM =  7.905 Var = 0.476469
 iteration 13:  FWHM =  7.904 Var = 0.476469
 iteration 14:  FWHM =  7.904 Var = 0.476469
 iteration 15:  FWHM =  7.904 Var = 0.476467
 iteration 16:  FWHM =  7.904 Var = 0.476467
Computing inverse deformation...
Save results to disk...



 Saved file: 
fe_structure_111312_STC_run01_500000_SD_STREAM_lmax2_connNUM08_TRACTS-nocull.mat 



 DONE Subject 111312 Run#8 

 Working on Subject 111312 Run#9 
Load FE structure...
Extract fibers...
Segment tracts...
You chose to recompute ROIs
Fibers that get as close to the ROIs as 2mm will become candidates for the Mori Groups
Smoothing by 0 & 8mm..
Coarse Affine Registration..
Fine Affine Registration..
3D CT Norm...
 iteration  1:  FWHM =  17.66 Var = 143.553
 iteration  2:  FWHM =  8.681 Var = 0.906071
 iteration  3:  FWHM =   7.98 Var = 0.517774
 iteration  4:  FWHM =   7.95 Var = 0.484523
 iteration  5:  FWHM =  7.899 Var = 0.477967
 iteration  6:  FWHM =  7.913 Var = 0.477078
 iteration  7:  FWHM =  7.901 Var = 0.476632
 iteration  8:  FWHM =  7.908 Var = 0.476602
 iteration  9:  FWHM =  7.903 Var = 0.476472
 iteration 10:  FWHM =  7.906 Var = 0.476472
 iteration 11:  FWHM =  7.904 Var = 0.476469
 iteration 12:  FWHM =  7.905 Var = 0.476469
 iteration 13:  FWHM =  7.904 Var = 0.476469
 iteration 14:  FWHM =  7.904 Var = 0.476469
 iteration 15:  FWHM =  7.904 Var = 0.476467
 iteration 16:  FWHM =  7.904 Var = 0.476467
Computing inverse deformation...
Save results to disk...



 Saved file: 
fe_structure_111312_STC_run01_500000_SD_STREAM_lmax2_connNUM09_TRACTS-nocull.mat 



 DONE Subject 111312 Run#9 

 Working on Subject 111312 Run#10 
Load FE structure...
Extract fibers...
Segment tracts...
You chose to recompute ROIs
Fibers that get as close to the ROIs as 2mm will become candidates for the Mori Groups
Smoothing by 0 & 8mm..
Coarse Affine Registration..
Fine Affine Registration..
3D CT Norm...
 iteration  1:  FWHM =  17.66 Var = 143.553
 iteration  2:  FWHM =  8.681 Var = 0.906071
 iteration  3:  FWHM =   7.98 Var = 0.517774
 iteration  4:  FWHM =   7.95 Var = 0.484523
 iteration  5:  FWHM =  7.899 Var = 0.477967
 iteration  6:  FWHM =  7.913 Var = 0.477078
 iteration  7:  FWHM =  7.901 Var = 0.476632
 iteration  8:  FWHM =  7.908 Var = 0.476602
 iteration  9:  FWHM =  7.903 Var = 0.476472
 iteration 10:  FWHM =  7.906 Var = 0.476472
 iteration 11:  FWHM =  7.904 Var = 0.476469
 iteration 12:  FWHM =  7.905 Var = 0.476469
 iteration 13:  FWHM =  7.904 Var = 0.476469
 iteration 14:  FWHM =  7.904 Var = 0.476469
 iteration 15:  FWHM =  7.904 Var = 0.476467
 iteration 16:  FWHM =  7.904 Var = 0.476467
Computing inverse deformation...
Save results to disk...



 Saved file: 
fe_structure_111312_STC_run01_500000_SD_STREAM_lmax2_connNUM10_TRACTS-nocull.mat 



 DONE Subject 111312 Run#10 

 Working on Subject 111312 Run#1 
Load FE structure...
Extract fibers...
Segment tracts...
You chose to recompute ROIs
Fibers that get as close to the ROIs as 2mm will become candidates for the Mori Groups
Smoothing by 0 & 8mm..
Coarse Affine Registration..
Fine Affine Registration..
3D CT Norm...
 iteration  1:  FWHM =  17.66 Var = 143.553
 iteration  2:  FWHM =  8.681 Var = 0.906071
 iteration  3:  FWHM =   7.98 Var = 0.517774
 iteration  4:  FWHM =   7.95 Var = 0.484523
 iteration  5:  FWHM =  7.899 Var = 0.477967
 iteration  6:  FWHM =  7.913 Var = 0.477078
 iteration  7:  FWHM =  7.901 Var = 0.476632
 iteration  8:  FWHM =  7.908 Var = 0.476602
 iteration  9:  FWHM =  7.903 Var = 0.476472
 iteration 10:  FWHM =  7.906 Var = 0.476472
 iteration 11:  FWHM =  7.904 Var = 0.476469
 iteration 12:  FWHM =  7.905 Var = 0.476469
 iteration 13:  FWHM =  7.904 Var = 0.476469
 iteration 14:  FWHM =  7.904 Var = 0.476469
 iteration 15:  FWHM =  7.904 Var = 0.476467
 iteration 16:  FWHM =  7.904 Var = 0.476467
Computing inverse deformation...
Save results to disk...



 Saved file: 
fe_structure_111312_STC_run01_500000_SD_PROB_lmax4_connNUM01_TRACTS-nocull.mat 



 DONE Subject 111312 Run#1 

 Working on Subject 111312 Run#2 
Load FE structure...
Extract fibers...
Segment tracts...
You chose to recompute ROIs
Fibers that get as close to the ROIs as 2mm will become candidates for the Mori Groups
Smoothing by 0 & 8mm..
Coarse Affine Registration..
Fine Affine Registration..
3D CT Norm...
 iteration  1:  FWHM =  17.66 Var = 143.553
 iteration  2:  FWHM =  8.681 Var = 0.906071
 iteration  3:  FWHM =   7.98 Var = 0.517774
 iteration  4:  FWHM =   7.95 Var = 0.484523
 iteration  5:  FWHM =  7.899 Var = 0.477967
 iteration  6:  FWHM =  7.913 Var = 0.477078
 iteration  7:  FWHM =  7.901 Var = 0.476632
 iteration  8:  FWHM =  7.908 Var = 0.476602
 iteration  9:  FWHM =  7.903 Var = 0.476472
 iteration 10:  FWHM =  7.906 Var = 0.476472
 iteration 11:  FWHM =  7.904 Var = 0.476469
 iteration 12:  FWHM =  7.905 Var = 0.476469
 iteration 13:  FWHM =  7.904 Var = 0.476469
 iteration 14:  FWHM =  7.904 Var = 0.476469
 iteration 15:  FWHM =  7.904 Var = 0.476467
 iteration 16:  FWHM =  7.904 Var = 0.476467
Computing inverse deformation...
Save results to disk...



 Saved file: 
fe_structure_111312_STC_run01_500000_SD_PROB_lmax4_connNUM02_TRACTS-nocull.mat 



 DONE Subject 111312 Run#2 

 Working on Subject 111312 Run#3 
Load FE structure...
Extract fibers...
Segment tracts...
You chose to recompute ROIs
Fibers that get as close to the ROIs as 2mm will become candidates for the Mori Groups
Smoothing by 0 & 8mm..
Coarse Affine Registration..
Fine Affine Registration..
3D CT Norm...
 iteration  1:  FWHM =  17.66 Var = 143.553
 iteration  2:  FWHM =  8.681 Var = 0.906071
 iteration  3:  FWHM =   7.98 Var = 0.517774
 iteration  4:  FWHM =   7.95 Var = 0.484523
 iteration  5:  FWHM =  7.899 Var = 0.477967
 iteration  6:  FWHM =  7.913 Var = 0.477078
 iteration  7:  FWHM =  7.901 Var = 0.476632
 iteration  8:  FWHM =  7.908 Var = 0.476602
 iteration  9:  FWHM =  7.903 Var = 0.476472
 iteration 10:  FWHM =  7.906 Var = 0.476472
 iteration 11:  FWHM =  7.904 Var = 0.476469
 iteration 12:  FWHM =  7.905 Var = 0.476469
 iteration 13:  FWHM =  7.904 Var = 0.476469
 iteration 14:  FWHM =  7.904 Var = 0.476469
 iteration 15:  FWHM =  7.904 Var = 0.476467
 iteration 16:  FWHM =  7.904 Var = 0.476467
Computing inverse deformation...
Save results to disk...



 Saved file: 
fe_structure_111312_STC_run01_500000_SD_PROB_lmax4_connNUM03_TRACTS-nocull.mat 



 DONE Subject 111312 Run#3 

 Working on Subject 111312 Run#4 
Load FE structure...
Extract fibers...
Segment tracts...
You chose to recompute ROIs
Fibers that get as close to the ROIs as 2mm will become candidates for the Mori Groups
Smoothing by 0 & 8mm..
Coarse Affine Registration..
Fine Affine Registration..
3D CT Norm...
 iteration  1:  FWHM =  17.66 Var = 143.553
 iteration  2:  FWHM =  8.681 Var = 0.906071
 iteration  3:  FWHM =   7.98 Var = 0.517774
 iteration  4:  FWHM =   7.95 Var = 0.484523
 iteration  5:  FWHM =  7.899 Var = 0.477967
 iteration  6:  FWHM =  7.913 Var = 0.477078
 iteration  7:  FWHM =  7.901 Var = 0.476632
 iteration  8:  FWHM =  7.908 Var = 0.476602
 iteration  9:  FWHM =  7.903 Var = 0.476472
 iteration 10:  FWHM =  7.906 Var = 0.476472
 iteration 11:  FWHM =  7.904 Var = 0.476469
 iteration 12:  FWHM =  7.905 Var = 0.476469
 iteration 13:  FWHM =  7.904 Var = 0.476469
 iteration 14:  FWHM =  7.904 Var = 0.476469
 iteration 15:  FWHM =  7.904 Var = 0.476467
 iteration 16:  FWHM =  7.904 Var = 0.476467
Computing inverse deformation...
Save results to disk...



 Saved file: 
fe_structure_111312_STC_run01_500000_SD_PROB_lmax4_connNUM04_TRACTS-nocull.mat 



 DONE Subject 111312 Run#4 

 Working on Subject 111312 Run#5 
Load FE structure...
Extract fibers...
Segment tracts...
You chose to recompute ROIs
Fibers that get as close to the ROIs as 2mm will become candidates for the Mori Groups
Smoothing by 0 & 8mm..
Coarse Affine Registration..
Fine Affine Registration..
3D CT Norm...
 iteration  1:  FWHM =  17.66 Var = 143.553
 iteration  2:  FWHM =  8.681 Var = 0.906071
 iteration  3:  FWHM =   7.98 Var = 0.517774
 iteration  4:  FWHM =   7.95 Var = 0.484523
 iteration  5:  FWHM =  7.899 Var = 0.477967
 iteration  6:  FWHM =  7.913 Var = 0.477078
 iteration  7:  FWHM =  7.901 Var = 0.476632
 iteration  8:  FWHM =  7.908 Var = 0.476602
 iteration  9:  FWHM =  7.903 Var = 0.476472
 iteration 10:  FWHM =  7.906 Var = 0.476472
 iteration 11:  FWHM =  7.904 Var = 0.476469
 iteration 12:  FWHM =  7.905 Var = 0.476469
 iteration 13:  FWHM =  7.904 Var = 0.476469
 iteration 14:  FWHM =  7.904 Var = 0.476469
 iteration 15:  FWHM =  7.904 Var = 0.476467
 iteration 16:  FWHM =  7.904 Var = 0.476467
Computing inverse deformation...
Save results to disk...



 Saved file: 
fe_structure_111312_STC_run01_500000_SD_PROB_lmax4_connNUM05_TRACTS-nocull.mat 



 DONE Subject 111312 Run#5 

 Working on Subject 111312 Run#6 
Load FE structure...
Extract fibers...
Segment tracts...
You chose to recompute ROIs
Fibers that get as close to the ROIs as 2mm will become candidates for the Mori Groups
Smoothing by 0 & 8mm..
Coarse Affine Registration..
Fine Affine Registration..
3D CT Norm...
 iteration  1:  FWHM =  17.66 Var = 143.553
 iteration  2:  FWHM =  8.681 Var = 0.906071
 iteration  3:  FWHM =   7.98 Var = 0.517774
 iteration  4:  FWHM =   7.95 Var = 0.484523
 iteration  5:  FWHM =  7.899 Var = 0.477967
 iteration  6:  FWHM =  7.913 Var = 0.477078
 iteration  7:  FWHM =  7.901 Var = 0.476632
 iteration  8:  FWHM =  7.908 Var = 0.476602
 iteration  9:  FWHM =  7.903 Var = 0.476472
 iteration 10:  FWHM =  7.906 Var = 0.476472
 iteration 11:  FWHM =  7.904 Var = 0.476469
 iteration 12:  FWHM =  7.905 Var = 0.476469
 iteration 13:  FWHM =  7.904 Var = 0.476469
 iteration 14:  FWHM =  7.904 Var = 0.476469
 iteration 15:  FWHM =  7.904 Var = 0.476467
 iteration 16:  FWHM =  7.904 Var = 0.476467
Computing inverse deformation...
Save results to disk...



 Saved file: 
fe_structure_111312_STC_run01_500000_SD_PROB_lmax4_connNUM06_TRACTS-nocull.mat 



 DONE Subject 111312 Run#6 

 Working on Subject 111312 Run#7 
Load FE structure...
Extract fibers...
Segment tracts...
You chose to recompute ROIs
Fibers that get as close to the ROIs as 2mm will become candidates for the Mori Groups
Smoothing by 0 & 8mm..
Coarse Affine Registration..
Fine Affine Registration..
3D CT Norm...
 iteration  1:  FWHM =  17.66 Var = 143.553
 iteration  2:  FWHM =  8.681 Var = 0.906071
 iteration  3:  FWHM =   7.98 Var = 0.517774
 iteration  4:  FWHM =   7.95 Var = 0.484523
 iteration  5:  FWHM =  7.899 Var = 0.477967
 iteration  6:  FWHM =  7.913 Var = 0.477078
 iteration  7:  FWHM =  7.901 Var = 0.476632
 iteration  8:  FWHM =  7.908 Var = 0.476602
 iteration  9:  FWHM =  7.903 Var = 0.476472
 iteration 10:  FWHM =  7.906 Var = 0.476472
 iteration 11:  FWHM =  7.904 Var = 0.476469
 iteration 12:  FWHM =  7.905 Var = 0.476469
 iteration 13:  FWHM =  7.904 Var = 0.476469
 iteration 14:  FWHM =  7.904 Var = 0.476469
 iteration 15:  FWHM =  7.904 Var = 0.476467
 iteration 16:  FWHM =  7.904 Var = 0.476467
Computing inverse deformation...
Save results to disk...



 Saved file: 
fe_structure_111312_STC_run01_500000_SD_PROB_lmax4_connNUM07_TRACTS-nocull.mat 



 DONE Subject 111312 Run#7 

 Working on Subject 111312 Run#8 
Load FE structure...
Extract fibers...
Segment tracts...
You chose to recompute ROIs
Fibers that get as close to the ROIs as 2mm will become candidates for the Mori Groups
Smoothing by 0 & 8mm..
Coarse Affine Registration..
Fine Affine Registration..
3D CT Norm...
 iteration  1:  FWHM =  17.66 Var = 143.553
 iteration  2:  FWHM =  8.681 Var = 0.906071
 iteration  3:  FWHM =   7.98 Var = 0.517774
 iteration  4:  FWHM =   7.95 Var = 0.484523
 iteration  5:  FWHM =  7.899 Var = 0.477967
 iteration  6:  FWHM =  7.913 Var = 0.477078
 iteration  7:  FWHM =  7.901 Var = 0.476632
 iteration  8:  FWHM =  7.908 Var = 0.476602
 iteration  9:  FWHM =  7.903 Var = 0.476472
 iteration 10:  FWHM =  7.906 Var = 0.476472
 iteration 11:  FWHM =  7.904 Var = 0.476469
 iteration 12:  FWHM =  7.905 Var = 0.476469
 iteration 13:  FWHM =  7.904 Var = 0.476469
 iteration 14:  FWHM =  7.904 Var = 0.476469
 iteration 15:  FWHM =  7.904 Var = 0.476467
 iteration 16:  FWHM =  7.904 Var = 0.476467
Computing inverse deformation...
Save results to disk...



 Saved file: 
fe_structure_111312_STC_run01_500000_SD_PROB_lmax4_connNUM08_TRACTS-nocull.mat 



 DONE Subject 111312 Run#8 

 Working on Subject 111312 Run#9 
Load FE structure...
Extract fibers...
Segment tracts...
You chose to recompute ROIs
Fibers that get as close to the ROIs as 2mm will become candidates for the Mori Groups
Smoothing by 0 & 8mm..
Coarse Affine Registration..
Fine Affine Registration..
3D CT Norm...
 iteration  1:  FWHM =  17.66 Var = 143.553
 iteration  2:  FWHM =  8.681 Var = 0.906071
 iteration  3:  FWHM =   7.98 Var = 0.517774
 iteration  4:  FWHM =   7.95 Var = 0.484523
 iteration  5:  FWHM =  7.899 Var = 0.477967
 iteration  6:  FWHM =  7.913 Var = 0.477078
 iteration  7:  FWHM =  7.901 Var = 0.476632
 iteration  8:  FWHM =  7.908 Var = 0.476602
 iteration  9:  FWHM =  7.903 Var = 0.476472
 iteration 10:  FWHM =  7.906 Var = 0.476472
 iteration 11:  FWHM =  7.904 Var = 0.476469
 iteration 12:  FWHM =  7.905 Var = 0.476469
 iteration 13:  FWHM =  7.904 Var = 0.476469
 iteration 14:  FWHM =  7.904 Var = 0.476469
 iteration 15:  FWHM =  7.904 Var = 0.476467
 iteration 16:  FWHM =  7.904 Var = 0.476467
Computing inverse deformation...
Save results to disk...



 Saved file: 
fe_structure_111312_STC_run01_500000_SD_PROB_lmax4_connNUM09_TRACTS-nocull.mat 



 DONE Subject 111312 Run#9 

 Working on Subject 111312 Run#10 
Load FE structure...
Extract fibers...
Segment tracts...
You chose to recompute ROIs
Fibers that get as close to the ROIs as 2mm will become candidates for the Mori Groups
Smoothing by 0 & 8mm..
Coarse Affine Registration..
Fine Affine Registration..
3D CT Norm...
 iteration  1:  FWHM =  17.66 Var = 143.553
 iteration  2:  FWHM =  8.681 Var = 0.906071
 iteration  3:  FWHM =   7.98 Var = 0.517774
 iteration  4:  FWHM =   7.95 Var = 0.484523
 iteration  5:  FWHM =  7.899 Var = 0.477967
 iteration  6:  FWHM =  7.913 Var = 0.477078
 iteration  7:  FWHM =  7.901 Var = 0.476632
 iteration  8:  FWHM =  7.908 Var = 0.476602
 iteration  9:  FWHM =  7.903 Var = 0.476472
 iteration 10:  FWHM =  7.906 Var = 0.476472
 iteration 11:  FWHM =  7.904 Var = 0.476469
 iteration 12:  FWHM =  7.905 Var = 0.476469
 iteration 13:  FWHM =  7.904 Var = 0.476469
 iteration 14:  FWHM =  7.904 Var = 0.476469
 iteration 15:  FWHM =  7.904 Var = 0.476467
 iteration 16:  FWHM =  7.904 Var = 0.476467
Computing inverse deformation...
Save results to disk...



 Saved file: 
fe_structure_111312_STC_run01_500000_SD_PROB_lmax4_connNUM10_TRACTS-nocull.mat 



 DONE Subject 111312 Run#10 

 Working on Subject 111312 Run#1 
Load FE structure...
Extract fibers...
Segment tracts...
You chose to recompute ROIs
Fibers that get as close to the ROIs as 2mm will become candidates for the Mori Groups
Smoothing by 0 & 8mm..
Coarse Affine Registration..
Fine Affine Registration..
3D CT Norm...
 iteration  1:  FWHM =  17.66 Var = 143.553
 iteration  2:  FWHM =  8.681 Var = 0.906071
 iteration  3:  FWHM =   7.98 Var = 0.517774
 iteration  4:  FWHM =   7.95 Var = 0.484523
 iteration  5:  FWHM =  7.899 Var = 0.477967
 iteration  6:  FWHM =  7.913 Var = 0.477078
 iteration  7:  FWHM =  7.901 Var = 0.476632
 iteration  8:  FWHM =  7.908 Var = 0.476602
 iteration  9:  FWHM =  7.903 Var = 0.476472
 iteration 10:  FWHM =  7.906 Var = 0.476472
 iteration 11:  FWHM =  7.904 Var = 0.476469
 iteration 12:  FWHM =  7.905 Var = 0.476469
 iteration 13:  FWHM =  7.904 Var = 0.476469
 iteration 14:  FWHM =  7.904 Var = 0.476469
 iteration 15:  FWHM =  7.904 Var = 0.476467
 iteration 16:  FWHM =  7.904 Var = 0.476467
Computing inverse deformation...
Save results to disk...



 Saved file: 
fe_structure_111312_STC_run01_500000_SD_STREAM_lmax4_connNUM01_TRACTS-nocull.mat 



 DONE Subject 111312 Run#1 

 Working on Subject 111312 Run#2 
Load FE structure...
Extract fibers...
Segment tracts...
You chose to recompute ROIs
Fibers that get as close to the ROIs as 2mm will become candidates for the Mori Groups
Smoothing by 0 & 8mm..
Coarse Affine Registration..
Fine Affine Registration..
3D CT Norm...
 iteration  1:  FWHM =  17.66 Var = 143.553
 iteration  2:  FWHM =  8.681 Var = 0.906071
 iteration  3:  FWHM =   7.98 Var = 0.517774
 iteration  4:  FWHM =   7.95 Var = 0.484523
 iteration  5:  FWHM =  7.899 Var = 0.477967
 iteration  6:  FWHM =  7.913 Var = 0.477078
 iteration  7:  FWHM =  7.901 Var = 0.476632
 iteration  8:  FWHM =  7.908 Var = 0.476602
 iteration  9:  FWHM =  7.903 Var = 0.476472
 iteration 10:  FWHM =  7.906 Var = 0.476472
 iteration 11:  FWHM =  7.904 Var = 0.476469
 iteration 12:  FWHM =  7.905 Var = 0.476469
 iteration 13:  FWHM =  7.904 Var = 0.476469
 iteration 14:  FWHM =  7.904 Var = 0.476469
 iteration 15:  FWHM =  7.904 Var = 0.476467
 iteration 16:  FWHM =  7.904 Var = 0.476467
Computing inverse deformation...
Save results to disk...



 Saved file: 
fe_structure_111312_STC_run01_500000_SD_STREAM_lmax4_connNUM02_TRACTS-nocull.mat 



 DONE Subject 111312 Run#2 

 Working on Subject 111312 Run#3 
Load FE structure...
Extract fibers...
Segment tracts...
You chose to recompute ROIs
Fibers that get as close to the ROIs as 2mm will become candidates for the Mori Groups
Smoothing by 0 & 8mm..
Coarse Affine Registration..
Fine Affine Registration..
3D CT Norm...
 iteration  1:  FWHM =  17.66 Var = 143.553
 iteration  2:  FWHM =  8.681 Var = 0.906071
 iteration  3:  FWHM =   7.98 Var = 0.517774
 iteration  4:  FWHM =   7.95 Var = 0.484523
 iteration  5:  FWHM =  7.899 Var = 0.477967
 iteration  6:  FWHM =  7.913 Var = 0.477078
 iteration  7:  FWHM =  7.901 Var = 0.476632
 iteration  8:  FWHM =  7.908 Var = 0.476602
 iteration  9:  FWHM =  7.903 Var = 0.476472
 iteration 10:  FWHM =  7.906 Var = 0.476472
 iteration 11:  FWHM =  7.904 Var = 0.476469
 iteration 12:  FWHM =  7.905 Var = 0.476469
 iteration 13:  FWHM =  7.904 Var = 0.476469
 iteration 14:  FWHM =  7.904 Var = 0.476469
 iteration 15:  FWHM =  7.904 Var = 0.476467
 iteration 16:  FWHM =  7.904 Var = 0.476467
Computing inverse deformation...
Save results to disk...



 Saved file: 
fe_structure_111312_STC_run01_500000_SD_STREAM_lmax4_connNUM03_TRACTS-nocull.mat 



 DONE Subject 111312 Run#3 

 Working on Subject 111312 Run#4 
Load FE structure...
Extract fibers...
Segment tracts...
You chose to recompute ROIs
Fibers that get as close to the ROIs as 2mm will become candidates for the Mori Groups
Smoothing by 0 & 8mm..
Coarse Affine Registration..
Fine Affine Registration..
3D CT Norm...
 iteration  1:  FWHM =  17.66 Var = 143.553
 iteration  2:  FWHM =  8.681 Var = 0.906071
 iteration  3:  FWHM =   7.98 Var = 0.517774
 iteration  4:  FWHM =   7.95 Var = 0.484523
 iteration  5:  FWHM =  7.899 Var = 0.477967
 iteration  6:  FWHM =  7.913 Var = 0.477078
 iteration  7:  FWHM =  7.901 Var = 0.476632
 iteration  8:  FWHM =  7.908 Var = 0.476602
 iteration  9:  FWHM =  7.903 Var = 0.476472
 iteration 10:  FWHM =  7.906 Var = 0.476472
 iteration 11:  FWHM =  7.904 Var = 0.476469
 iteration 12:  FWHM =  7.905 Var = 0.476469
 iteration 13:  FWHM =  7.904 Var = 0.476469
 iteration 14:  FWHM =  7.904 Var = 0.476469
 iteration 15:  FWHM =  7.904 Var = 0.476467
 iteration 16:  FWHM =  7.904 Var = 0.476467
Computing inverse deformation...
Save results to disk...



 Saved file: 
fe_structure_111312_STC_run01_500000_SD_STREAM_lmax4_connNUM04_TRACTS-nocull.mat 



 DONE Subject 111312 Run#4 

 Working on Subject 111312 Run#5 
Load FE structure...
Extract fibers...
Segment tracts...
You chose to recompute ROIs
Fibers that get as close to the ROIs as 2mm will become candidates for the Mori Groups
Smoothing by 0 & 8mm..
Coarse Affine Registration..
Fine Affine Registration..
3D CT Norm...
 iteration  1:  FWHM =  17.66 Var = 143.553
 iteration  2:  FWHM =  8.681 Var = 0.906071
 iteration  3:  FWHM =   7.98 Var = 0.517774
 iteration  4:  FWHM =   7.95 Var = 0.484523
 iteration  5:  FWHM =  7.899 Var = 0.477967
 iteration  6:  FWHM =  7.913 Var = 0.477078
 iteration  7:  FWHM =  7.901 Var = 0.476632
 iteration  8:  FWHM =  7.908 Var = 0.476602
 iteration  9:  FWHM =  7.903 Var = 0.476472
 iteration 10:  FWHM =  7.906 Var = 0.476472
 iteration 11:  FWHM =  7.904 Var = 0.476469
 iteration 12:  FWHM =  7.905 Var = 0.476469
 iteration 13:  FWHM =  7.904 Var = 0.476469
 iteration 14:  FWHM =  7.904 Var = 0.476469
 iteration 15:  FWHM =  7.904 Var = 0.476467
 iteration 16:  FWHM =  7.904 Var = 0.476467
Computing inverse deformation...
Save results to disk...



 Saved file: 
fe_structure_111312_STC_run01_500000_SD_STREAM_lmax4_connNUM05_TRACTS-nocull.mat 



 DONE Subject 111312 Run#5 

 Working on Subject 111312 Run#6 
Load FE structure...
Extract fibers...
Segment tracts...
You chose to recompute ROIs
Fibers that get as close to the ROIs as 2mm will become candidates for the Mori Groups
Smoothing by 0 & 8mm..
Coarse Affine Registration..
Fine Affine Registration..
3D CT Norm...
 iteration  1:  FWHM =  17.66 Var = 143.553
 iteration  2:  FWHM =  8.681 Var = 0.906071
 iteration  3:  FWHM =   7.98 Var = 0.517774
 iteration  4:  FWHM =   7.95 Var = 0.484523
 iteration  5:  FWHM =  7.899 Var = 0.477967
 iteration  6:  FWHM =  7.913 Var = 0.477078
 iteration  7:  FWHM =  7.901 Var = 0.476632
 iteration  8:  FWHM =  7.908 Var = 0.476602
 iteration  9:  FWHM =  7.903 Var = 0.476472
 iteration 10:  FWHM =  7.906 Var = 0.476472
 iteration 11:  FWHM =  7.904 Var = 0.476469
 iteration 12:  FWHM =  7.905 Var = 0.476469
 iteration 13:  FWHM =  7.904 Var = 0.476469
 iteration 14:  FWHM =  7.904 Var = 0.476469
 iteration 15:  FWHM =  7.904 Var = 0.476467
 iteration 16:  FWHM =  7.904 Var = 0.476467
Computing inverse deformation...
Save results to disk...



 Saved file: 
fe_structure_111312_STC_run01_500000_SD_STREAM_lmax4_connNUM06_TRACTS-nocull.mat 



 DONE Subject 111312 Run#6 

 Working on Subject 111312 Run#7 
Load FE structure...
Extract fibers...
Segment tracts...
You chose to recompute ROIs
Fibers that get as close to the ROIs as 2mm will become candidates for the Mori Groups
Smoothing by 0 & 8mm..
Coarse Affine Registration..
Fine Affine Registration..
3D CT Norm...
 iteration  1:  FWHM =  17.66 Var = 143.553
 iteration  2:  FWHM =  8.681 Var = 0.906071
 iteration  3:  FWHM =   7.98 Var = 0.517774
 iteration  4:  FWHM =   7.95 Var = 0.484523
 iteration  5:  FWHM =  7.899 Var = 0.477967
 iteration  6:  FWHM =  7.913 Var = 0.477078
 iteration  7:  FWHM =  7.901 Var = 0.476632
 iteration  8:  FWHM =  7.908 Var = 0.476602
 iteration  9:  FWHM =  7.903 Var = 0.476472
 iteration 10:  FWHM =  7.906 Var = 0.476472
 iteration 11:  FWHM =  7.904 Var = 0.476469
 iteration 12:  FWHM =  7.905 Var = 0.476469
 iteration 13:  FWHM =  7.904 Var = 0.476469
 iteration 14:  FWHM =  7.904 Var = 0.476469
 iteration 15:  FWHM =  7.904 Var = 0.476467
 iteration 16:  FWHM =  7.904 Var = 0.476467
Computing inverse deformation...
Save results to disk...



 Saved file: 
fe_structure_111312_STC_run01_500000_SD_STREAM_lmax4_connNUM07_TRACTS-nocull.mat 



 DONE Subject 111312 Run#7 

 Working on Subject 111312 Run#8 
Load FE structure...
Extract fibers...
Segment tracts...
You chose to recompute ROIs
Fibers that get as close to the ROIs as 2mm will become candidates for the Mori Groups
Smoothing by 0 & 8mm..
Coarse Affine Registration..
Fine Affine Registration..
3D CT Norm...
 iteration  1:  FWHM =  17.66 Var = 143.553
 iteration  2:  FWHM =  8.681 Var = 0.906071
 iteration  3:  FWHM =   7.98 Var = 0.517774
 iteration  4:  FWHM =   7.95 Var = 0.484523
 iteration  5:  FWHM =  7.899 Var = 0.477967
 iteration  6:  FWHM =  7.913 Var = 0.477078
 iteration  7:  FWHM =  7.901 Var = 0.476632
 iteration  8:  FWHM =  7.908 Var = 0.476602
 iteration  9:  FWHM =  7.903 Var = 0.476472
 iteration 10:  FWHM =  7.906 Var = 0.476472
 iteration 11:  FWHM =  7.904 Var = 0.476469
 iteration 12:  FWHM =  7.905 Var = 0.476469
 iteration 13:  FWHM =  7.904 Var = 0.476469
 iteration 14:  FWHM =  7.904 Var = 0.476469
 iteration 15:  FWHM =  7.904 Var = 0.476467
 iteration 16:  FWHM =  7.904 Var = 0.476467
Computing inverse deformation...
Save results to disk...



 Saved file: 
fe_structure_111312_STC_run01_500000_SD_STREAM_lmax4_connNUM08_TRACTS-nocull.mat 



 DONE Subject 111312 Run#8 

 Working on Subject 111312 Run#9 
Load FE structure...
Extract fibers...
Segment tracts...
You chose to recompute ROIs
Fibers that get as close to the ROIs as 2mm will become candidates for the Mori Groups
Smoothing by 0 & 8mm..
Coarse Affine Registration..
Fine Affine Registration..
3D CT Norm...
 iteration  1:  FWHM =  17.66 Var = 143.553
 iteration  2:  FWHM =  8.681 Var = 0.906071
 iteration  3:  FWHM =   7.98 Var = 0.517774
 iteration  4:  FWHM =   7.95 Var = 0.484523
 iteration  5:  FWHM =  7.899 Var = 0.477967
 iteration  6:  FWHM =  7.913 Var = 0.477078
 iteration  7:  FWHM =  7.901 Var = 0.476632
 iteration  8:  FWHM =  7.908 Var = 0.476602
 iteration  9:  FWHM =  7.903 Var = 0.476472
 iteration 10:  FWHM =  7.906 Var = 0.476472
 iteration 11:  FWHM =  7.904 Var = 0.476469
 iteration 12:  FWHM =  7.905 Var = 0.476469
 iteration 13:  FWHM =  7.904 Var = 0.476469
 iteration 14:  FWHM =  7.904 Var = 0.476469
 iteration 15:  FWHM =  7.904 Var = 0.476467
 iteration 16:  FWHM =  7.904 Var = 0.476467
Computing inverse deformation...
Save results to disk...



 Saved file: 
fe_structure_111312_STC_run01_500000_SD_STREAM_lmax4_connNUM09_TRACTS-nocull.mat 



 DONE Subject 111312 Run#9 

 Working on Subject 111312 Run#10 
Load FE structure...
Extract fibers...
Segment tracts...
You chose to recompute ROIs
Fibers that get as close to the ROIs as 2mm will become candidates for the Mori Groups
Smoothing by 0 & 8mm..
Coarse Affine Registration..
Fine Affine Registration..
3D CT Norm...
 iteration  1:  FWHM =  17.66 Var = 143.553
 iteration  2:  FWHM =  8.681 Var = 0.906071
 iteration  3:  FWHM =   7.98 Var = 0.517774
 iteration  4:  FWHM =   7.95 Var = 0.484523
 iteration  5:  FWHM =  7.899 Var = 0.477967
 iteration  6:  FWHM =  7.913 Var = 0.477078
 iteration  7:  FWHM =  7.901 Var = 0.476632
 iteration  8:  FWHM =  7.908 Var = 0.476602
 iteration  9:  FWHM =  7.903 Var = 0.476472
 iteration 10:  FWHM =  7.906 Var = 0.476472
 iteration 11:  FWHM =  7.904 Var = 0.476469
 iteration 12:  FWHM =  7.905 Var = 0.476469
 iteration 13:  FWHM =  7.904 Var = 0.476469
 iteration 14:  FWHM =  7.904 Var = 0.476469
 iteration 15:  FWHM =  7.904 Var = 0.476467
 iteration 16:  FWHM =  7.904 Var = 0.476467
Computing inverse deformation...
Save results to disk...



 Saved file: 
fe_structure_111312_STC_run01_500000_SD_STREAM_lmax4_connNUM10_TRACTS-nocull.mat 



 DONE Subject 111312 Run#10 

 Working on Subject 111312 Run#1 
Load FE structure...
Extract fibers...
Segment tracts...
You chose to recompute ROIs
Fibers that get as close to the ROIs as 2mm will become candidates for the Mori Groups
Smoothing by 0 & 8mm..
Coarse Affine Registration..
Fine Affine Registration..
3D CT Norm...
 iteration  1:  FWHM =  17.66 Var = 143.553
 iteration  2:  FWHM =  8.681 Var = 0.906071
 iteration  3:  FWHM =   7.98 Var = 0.517774
 iteration  4:  FWHM =   7.95 Var = 0.484523
 iteration  5:  FWHM =  7.899 Var = 0.477967
 iteration  6:  FWHM =  7.913 Var = 0.477078
 iteration  7:  FWHM =  7.901 Var = 0.476632
 iteration  8:  FWHM =  7.908 Var = 0.476602
 iteration  9:  FWHM =  7.903 Var = 0.476472
 iteration 10:  FWHM =  7.906 Var = 0.476472
 iteration 11:  FWHM =  7.904 Var = 0.476469
 iteration 12:  FWHM =  7.905 Var = 0.476469
 iteration 13:  FWHM =  7.904 Var = 0.476469
 iteration 14:  FWHM =  7.904 Var = 0.476469
 iteration 15:  FWHM =  7.904 Var = 0.476467
 iteration 16:  FWHM =  7.904 Var = 0.476467
Computing inverse deformation...
Save results to disk...



 Saved file: 
fe_structure_111312_STC_run01_500000_SD_PROB_lmax6_connNUM01_TRACTS-nocull.mat 



 DONE Subject 111312 Run#1 

 Working on Subject 111312 Run#2 
Load FE structure...
Extract fibers...
Segment tracts...
You chose to recompute ROIs
Fibers that get as close to the ROIs as 2mm will become candidates for the Mori Groups
Smoothing by 0 & 8mm..
Coarse Affine Registration..
Fine Affine Registration..
3D CT Norm...
 iteration  1:  FWHM =  17.66 Var = 143.553
 iteration  2:  FWHM =  8.681 Var = 0.906071
 iteration  3:  FWHM =   7.98 Var = 0.517774
 iteration  4:  FWHM =   7.95 Var = 0.484523
 iteration  5:  FWHM =  7.899 Var = 0.477967
 iteration  6:  FWHM =  7.913 Var = 0.477078
 iteration  7:  FWHM =  7.901 Var = 0.476632
 iteration  8:  FWHM =  7.908 Var = 0.476602
 iteration  9:  FWHM =  7.903 Var = 0.476472
 iteration 10:  FWHM =  7.906 Var = 0.476472
 iteration 11:  FWHM =  7.904 Var = 0.476469
 iteration 12:  FWHM =  7.905 Var = 0.476469
 iteration 13:  FWHM =  7.904 Var = 0.476469
 iteration 14:  FWHM =  7.904 Var = 0.476469
 iteration 15:  FWHM =  7.904 Var = 0.476467
 iteration 16:  FWHM =  7.904 Var = 0.476467
Computing inverse deformation...
Save results to disk...



 Saved file: 
fe_structure_111312_STC_run01_500000_SD_PROB_lmax6_connNUM02_TRACTS-nocull.mat 



 DONE Subject 111312 Run#2 

 Working on Subject 111312 Run#3 
Load FE structure...
Extract fibers...
Segment tracts...
You chose to recompute ROIs
Fibers that get as close to the ROIs as 2mm will become candidates for the Mori Groups
Smoothing by 0 & 8mm..
Coarse Affine Registration..
Fine Affine Registration..
3D CT Norm...
 iteration  1:  FWHM =  17.66 Var = 143.553
 iteration  2:  FWHM =  8.681 Var = 0.906071
 iteration  3:  FWHM =   7.98 Var = 0.517774
 iteration  4:  FWHM =   7.95 Var = 0.484523
 iteration  5:  FWHM =  7.899 Var = 0.477967
 iteration  6:  FWHM =  7.913 Var = 0.477078
 iteration  7:  FWHM =  7.901 Var = 0.476632
 iteration  8:  FWHM =  7.908 Var = 0.476602
 iteration  9:  FWHM =  7.903 Var = 0.476472
 iteration 10:  FWHM =  7.906 Var = 0.476472
 iteration 11:  FWHM =  7.904 Var = 0.476469
 iteration 12:  FWHM =  7.905 Var = 0.476469
 iteration 13:  FWHM =  7.904 Var = 0.476469
 iteration 14:  FWHM =  7.904 Var = 0.476469
 iteration 15:  FWHM =  7.904 Var = 0.476467
 iteration 16:  FWHM =  7.904 Var = 0.476467
Computing inverse deformation...
Save results to disk...



 Saved file: 
fe_structure_111312_STC_run01_500000_SD_PROB_lmax6_connNUM03_TRACTS-nocull.mat 



 DONE Subject 111312 Run#3 

 Working on Subject 111312 Run#4 
Load FE structure...
Extract fibers...
Segment tracts...
You chose to recompute ROIs
Fibers that get as close to the ROIs as 2mm will become candidates for the Mori Groups
Smoothing by 0 & 8mm..
Coarse Affine Registration..
Fine Affine Registration..
3D CT Norm...
 iteration  1:  FWHM =  17.66 Var = 143.553
 iteration  2:  FWHM =  8.681 Var = 0.906071
 iteration  3:  FWHM =   7.98 Var = 0.517774
 iteration  4:  FWHM =   7.95 Var = 0.484523
 iteration  5:  FWHM =  7.899 Var = 0.477967
 iteration  6:  FWHM =  7.913 Var = 0.477078
 iteration  7:  FWHM =  7.901 Var = 0.476632
 iteration  8:  FWHM =  7.908 Var = 0.476602
 iteration  9:  FWHM =  7.903 Var = 0.476472
 iteration 10:  FWHM =  7.906 Var = 0.476472
 iteration 11:  FWHM =  7.904 Var = 0.476469
 iteration 12:  FWHM =  7.905 Var = 0.476469
 iteration 13:  FWHM =  7.904 Var = 0.476469
 iteration 14:  FWHM =  7.904 Var = 0.476469
 iteration 15:  FWHM =  7.904 Var = 0.476467
 iteration 16:  FWHM =  7.904 Var = 0.476467
Computing inverse deformation...
Save results to disk...



 Saved file: 
fe_structure_111312_STC_run01_500000_SD_PROB_lmax6_connNUM04_TRACTS-nocull.mat 



 DONE Subject 111312 Run#4 

 Working on Subject 111312 Run#5 
Load FE structure...
Extract fibers...
Segment tracts...
You chose to recompute ROIs
Fibers that get as close to the ROIs as 2mm will become candidates for the Mori Groups
Smoothing by 0 & 8mm..
Coarse Affine Registration..
Fine Affine Registration..
3D CT Norm...
 iteration  1:  FWHM =  17.66 Var = 143.553
 iteration  2:  FWHM =  8.681 Var = 0.906071
 iteration  3:  FWHM =   7.98 Var = 0.517774
 iteration  4:  FWHM =   7.95 Var = 0.484523
 iteration  5:  FWHM =  7.899 Var = 0.477967
 iteration  6:  FWHM =  7.913 Var = 0.477078
 iteration  7:  FWHM =  7.901 Var = 0.476632
 iteration  8:  FWHM =  7.908 Var = 0.476602
 iteration  9:  FWHM =  7.903 Var = 0.476472
 iteration 10:  FWHM =  7.906 Var = 0.476472
 iteration 11:  FWHM =  7.904 Var = 0.476469
 iteration 12:  FWHM =  7.905 Var = 0.476469
 iteration 13:  FWHM =  7.904 Var = 0.476469
 iteration 14:  FWHM =  7.904 Var = 0.476469
 iteration 15:  FWHM =  7.904 Var = 0.476467
 iteration 16:  FWHM =  7.904 Var = 0.476467
Computing inverse deformation...
Save results to disk...



 Saved file: 
fe_structure_111312_STC_run01_500000_SD_PROB_lmax6_connNUM05_TRACTS-nocull.mat 



 DONE Subject 111312 Run#5 

 Working on Subject 111312 Run#6 
Load FE structure...
Extract fibers...
Segment tracts...
You chose to recompute ROIs
Fibers that get as close to the ROIs as 2mm will become candidates for the Mori Groups
Smoothing by 0 & 8mm..
Coarse Affine Registration..
Fine Affine Registration..
3D CT Norm...
 iteration  1:  FWHM =  17.66 Var = 143.553
 iteration  2:  FWHM =  8.681 Var = 0.906071
 iteration  3:  FWHM =   7.98 Var = 0.517774
 iteration  4:  FWHM =   7.95 Var = 0.484523
 iteration  5:  FWHM =  7.899 Var = 0.477967
 iteration  6:  FWHM =  7.913 Var = 0.477078
 iteration  7:  FWHM =  7.901 Var = 0.476632
 iteration  8:  FWHM =  7.908 Var = 0.476602
 iteration  9:  FWHM =  7.903 Var = 0.476472
 iteration 10:  FWHM =  7.906 Var = 0.476472
 iteration 11:  FWHM =  7.904 Var = 0.476469
 iteration 12:  FWHM =  7.905 Var = 0.476469
 iteration 13:  FWHM =  7.904 Var = 0.476469
 iteration 14:  FWHM =  7.904 Var = 0.476469
 iteration 15:  FWHM =  7.904 Var = 0.476467
 iteration 16:  FWHM =  7.904 Var = 0.476467
Computing inverse deformation...
Save results to disk...



 Saved file: 
fe_structure_111312_STC_run01_500000_SD_PROB_lmax6_connNUM06_TRACTS-nocull.mat 



 DONE Subject 111312 Run#6 

 Working on Subject 111312 Run#7 
Load FE structure...
Extract fibers...
Segment tracts...
You chose to recompute ROIs
Fibers that get as close to the ROIs as 2mm will become candidates for the Mori Groups
Smoothing by 0 & 8mm..
Coarse Affine Registration..
Fine Affine Registration..
3D CT Norm...
 iteration  1:  FWHM =  17.66 Var = 143.553
 iteration  2:  FWHM =  8.681 Var = 0.906071
 iteration  3:  FWHM =   7.98 Var = 0.517774
 iteration  4:  FWHM =   7.95 Var = 0.484523
 iteration  5:  FWHM =  7.899 Var = 0.477967
 iteration  6:  FWHM =  7.913 Var = 0.477078
 iteration  7:  FWHM =  7.901 Var = 0.476632
 iteration  8:  FWHM =  7.908 Var = 0.476602
 iteration  9:  FWHM =  7.903 Var = 0.476472
 iteration 10:  FWHM =  7.906 Var = 0.476472
 iteration 11:  FWHM =  7.904 Var = 0.476469
 iteration 12:  FWHM =  7.905 Var = 0.476469
 iteration 13:  FWHM =  7.904 Var = 0.476469
 iteration 14:  FWHM =  7.904 Var = 0.476469
 iteration 15:  FWHM =  7.904 Var = 0.476467
 iteration 16:  FWHM =  7.904 Var = 0.476467
Computing inverse deformation...
Save results to disk...



 Saved file: 
fe_structure_111312_STC_run01_500000_SD_PROB_lmax6_connNUM07_TRACTS-nocull.mat 



 DONE Subject 111312 Run#7 

 Working on Subject 111312 Run#8 
Load FE structure...
Extract fibers...
Segment tracts...
You chose to recompute ROIs
Fibers that get as close to the ROIs as 2mm will become candidates for the Mori Groups
Smoothing by 0 & 8mm..
Coarse Affine Registration..
Fine Affine Registration..
3D CT Norm...
 iteration  1:  FWHM =  17.66 Var = 143.553
 iteration  2:  FWHM =  8.681 Var = 0.906071
 iteration  3:  FWHM =   7.98 Var = 0.517774
 iteration  4:  FWHM =   7.95 Var = 0.484523
 iteration  5:  FWHM =  7.899 Var = 0.477967
 iteration  6:  FWHM =  7.913 Var = 0.477078
 iteration  7:  FWHM =  7.901 Var = 0.476632
 iteration  8:  FWHM =  7.908 Var = 0.476602
 iteration  9:  FWHM =  7.903 Var = 0.476472
 iteration 10:  FWHM =  7.906 Var = 0.476472
 iteration 11:  FWHM =  7.904 Var = 0.476469
 iteration 12:  FWHM =  7.905 Var = 0.476469
 iteration 13:  FWHM =  7.904 Var = 0.476469
 iteration 14:  FWHM =  7.904 Var = 0.476469
 iteration 15:  FWHM =  7.904 Var = 0.476467
 iteration 16:  FWHM =  7.904 Var = 0.476467
Computing inverse deformation...
Save results to disk...



 Saved file: 
fe_structure_111312_STC_run01_500000_SD_PROB_lmax6_connNUM08_TRACTS-nocull.mat 



 DONE Subject 111312 Run#8 

 Working on Subject 111312 Run#9 
Load FE structure...
Extract fibers...
Segment tracts...
You chose to recompute ROIs
Fibers that get as close to the ROIs as 2mm will become candidates for the Mori Groups
Smoothing by 0 & 8mm..
Coarse Affine Registration..
Fine Affine Registration..
3D CT Norm...
 iteration  1:  FWHM =  17.66 Var = 143.553
 iteration  2:  FWHM =  8.681 Var = 0.906071
 iteration  3:  FWHM =   7.98 Var = 0.517774
 iteration  4:  FWHM =   7.95 Var = 0.484523
 iteration  5:  FWHM =  7.899 Var = 0.477967
 iteration  6:  FWHM =  7.913 Var = 0.477078
 iteration  7:  FWHM =  7.901 Var = 0.476632
 iteration  8:  FWHM =  7.908 Var = 0.476602
 iteration  9:  FWHM =  7.903 Var = 0.476472
 iteration 10:  FWHM =  7.906 Var = 0.476472
 iteration 11:  FWHM =  7.904 Var = 0.476469
 iteration 12:  FWHM =  7.905 Var = 0.476469
 iteration 13:  FWHM =  7.904 Var = 0.476469
 iteration 14:  FWHM =  7.904 Var = 0.476469
 iteration 15:  FWHM =  7.904 Var = 0.476467
 iteration 16:  FWHM =  7.904 Var = 0.476467
Computing inverse deformation...
Save results to disk...



 Saved file: 
fe_structure_111312_STC_run01_500000_SD_PROB_lmax6_connNUM09_TRACTS-nocull.mat 



 DONE Subject 111312 Run#9 

 Working on Subject 111312 Run#10 
Load FE structure...
Extract fibers...
Segment tracts...
You chose to recompute ROIs
Fibers that get as close to the ROIs as 2mm will become candidates for the Mori Groups
Smoothing by 0 & 8mm..
Coarse Affine Registration..
Fine Affine Registration..
3D CT Norm...
 iteration  1:  FWHM =  17.66 Var = 143.553
 iteration  2:  FWHM =  8.681 Var = 0.906071
 iteration  3:  FWHM =   7.98 Var = 0.517774
 iteration  4:  FWHM =   7.95 Var = 0.484523
 iteration  5:  FWHM =  7.899 Var = 0.477967
 iteration  6:  FWHM =  7.913 Var = 0.477078
 iteration  7:  FWHM =  7.901 Var = 0.476632
 iteration  8:  FWHM =  7.908 Var = 0.476602
 iteration  9:  FWHM =  7.903 Var = 0.476472
 iteration 10:  FWHM =  7.906 Var = 0.476472
 iteration 11:  FWHM =  7.904 Var = 0.476469
 iteration 12:  FWHM =  7.905 Var = 0.476469
 iteration 13:  FWHM =  7.904 Var = 0.476469
 iteration 14:  FWHM =  7.904 Var = 0.476469
 iteration 15:  FWHM =  7.904 Var = 0.476467
 iteration 16:  FWHM =  7.904 Var = 0.476467
Computing inverse deformation...
Save results to disk...



 Saved file: 
fe_structure_111312_STC_run01_500000_SD_PROB_lmax6_connNUM10_TRACTS-nocull.mat 



 DONE Subject 111312 Run#10 

 Working on Subject 111312 Run#1 
Load FE structure...
Extract fibers...
Segment tracts...
You chose to recompute ROIs
Fibers that get as close to the ROIs as 2mm will become candidates for the Mori Groups
Smoothing by 0 & 8mm..
Coarse Affine Registration..
Fine Affine Registration..
3D CT Norm...
 iteration  1:  FWHM =  17.66 Var = 143.553
 iteration  2:  FWHM =  8.681 Var = 0.906071
 iteration  3:  FWHM =   7.98 Var = 0.517774
 iteration  4:  FWHM =   7.95 Var = 0.484523
 iteration  5:  FWHM =  7.899 Var = 0.477967
 iteration  6:  FWHM =  7.913 Var = 0.477078
 iteration  7:  FWHM =  7.901 Var = 0.476632
 iteration  8:  FWHM =  7.908 Var = 0.476602
 iteration  9:  FWHM =  7.903 Var = 0.476472
 iteration 10:  FWHM =  7.906 Var = 0.476472
 iteration 11:  FWHM =  7.904 Var = 0.476469
 iteration 12:  FWHM =  7.905 Var = 0.476469
 iteration 13:  FWHM =  7.904 Var = 0.476469
 iteration 14:  FWHM =  7.904 Var = 0.476469
 iteration 15:  FWHM =  7.904 Var = 0.476467
 iteration 16:  FWHM =  7.904 Var = 0.476467
Computing inverse deformation...
Save results to disk...



 Saved file: 
fe_structure_111312_STC_run01_500000_SD_STREAM_lmax6_connNUM01_TRACTS-nocull.mat 



 DONE Subject 111312 Run#1 

 Working on Subject 111312 Run#2 
Load FE structure...
Extract fibers...
Segment tracts...
You chose to recompute ROIs
Fibers that get as close to the ROIs as 2mm will become candidates for the Mori Groups
Smoothing by 0 & 8mm..
Coarse Affine Registration..
Fine Affine Registration..
3D CT Norm...
 iteration  1:  FWHM =  17.66 Var = 143.553
 iteration  2:  FWHM =  8.681 Var = 0.906071
 iteration  3:  FWHM =   7.98 Var = 0.517774
 iteration  4:  FWHM =   7.95 Var = 0.484523
 iteration  5:  FWHM =  7.899 Var = 0.477967
 iteration  6:  FWHM =  7.913 Var = 0.477078
 iteration  7:  FWHM =  7.901 Var = 0.476632
 iteration  8:  FWHM =  7.908 Var = 0.476602
 iteration  9:  FWHM =  7.903 Var = 0.476472
 iteration 10:  FWHM =  7.906 Var = 0.476472
 iteration 11:  FWHM =  7.904 Var = 0.476469
 iteration 12:  FWHM =  7.905 Var = 0.476469
 iteration 13:  FWHM =  7.904 Var = 0.476469
 iteration 14:  FWHM =  7.904 Var = 0.476469
 iteration 15:  FWHM =  7.904 Var = 0.476467
 iteration 16:  FWHM =  7.904 Var = 0.476467
Computing inverse deformation...
Save results to disk...



 Saved file: 
fe_structure_111312_STC_run01_500000_SD_STREAM_lmax6_connNUM02_TRACTS-nocull.mat 



 DONE Subject 111312 Run#2 

 Working on Subject 111312 Run#3 
Load FE structure...
Extract fibers...
Segment tracts...
You chose to recompute ROIs
Fibers that get as close to the ROIs as 2mm will become candidates for the Mori Groups
Smoothing by 0 & 8mm..
Coarse Affine Registration..
Fine Affine Registration..
3D CT Norm...
 iteration  1:  FWHM =  17.66 Var = 143.553
 iteration  2:  FWHM =  8.681 Var = 0.906071
 iteration  3:  FWHM =   7.98 Var = 0.517774
 iteration  4:  FWHM =   7.95 Var = 0.484523
 iteration  5:  FWHM =  7.899 Var = 0.477967
 iteration  6:  FWHM =  7.913 Var = 0.477078
 iteration  7:  FWHM =  7.901 Var = 0.476632
 iteration  8:  FWHM =  7.908 Var = 0.476602
 iteration  9:  FWHM =  7.903 Var = 0.476472
 iteration 10:  FWHM =  7.906 Var = 0.476472
 iteration 11:  FWHM =  7.904 Var = 0.476469
 iteration 12:  FWHM =  7.905 Var = 0.476469
 iteration 13:  FWHM =  7.904 Var = 0.476469
 iteration 14:  FWHM =  7.904 Var = 0.476469
 iteration 15:  FWHM =  7.904 Var = 0.476467
 iteration 16:  FWHM =  7.904 Var = 0.476467
Computing inverse deformation...
